<?xml version="1.0" encoding="UTF-8"?>
<testsuite xmlns:xsi="http://www.w3.org/2001/XMLSchema-instance" xsi:noNamespaceSchemaLocation="https://maven.apache.org/surefire/maven-surefire-plugin/xsd/surefire-test-report-3.0.xsd" version="3.0" name="com.amused.runner.TestRunner" time="15.094" tests="17" errors="0" skipped="0" failures="15">
  <properties>
[...]
</properties>
  <testcase name="runScenario[&quot;Verify the Positive Scenarios&quot;, &quot;Optional[ADD Single Object POST API]&quot;](1)" classname="com.amused.runner.TestRunner" time="4.624">
    <failure message="userInvokeTheAddObjectAPI Step is failed due to exception of java.lang.NullPointerException" type="java.lang.AssertionError"><![CDATA[java.lang.AssertionError: userInvokeTheAddObjectAPI Step is failed due to exception of java.lang.NullPointerException
]]></failure>
    <system-out><![CDATA[2023-05-11 02:16:04.394 [main] INFO  com.amused.runner.TestRunner - >>>>>>>>> Started-Surefire test

@ADDObjectAPI @api
Scenario: Verify the Positive Scenarios                                                    &amp#27;[90m# src/test/resources/features/AddObjectAPI.feature:5&amp#27;[0m
  &amp#27;[32mGiven &amp#27;[0m&amp#27;[32mUser set &amp#27;[0m&amp#27;[32m&amp#27;[1m"name"&amp#27;[0m&amp#27;[32m as the &amp#27;[0m&amp#27;[32m&amp#27;[1mApple Iphone 16&amp#27;[0m&amp#27;[32m to Object&amp#27;[0m                                   &amp#27;[90m# com.amused.testSteps.testStepDef.userAddAsTheToObject(java.lang.String,java.lang.String)&amp#27;[0m
  &amp#27;[32mAnd &amp#27;[0m&amp#27;[32mUser set &amp#27;[0m&amp#27;[32m&amp#27;[1m"Year"&amp#27;[0m&amp#27;[32m as the &amp#27;[0m&amp#27;[32m&amp#27;[1m2029&amp#27;[0m&amp#27;[32m to Data Object&amp#27;[0m                                           &amp#27;[90m# com.amused.testSteps.testStepDef.userAddAsTheToDataObject(java.lang.String,java.lang.String)&amp#27;[0m
  &amp#27;[32mAnd &amp#27;[0m&amp#27;[32mUser set &amp#27;[0m&amp#27;[32m&amp#27;[1m"CPU model"&amp#27;[0m&amp#27;[32m as the &amp#27;[0m&amp#27;[32m&amp#27;[1mM12CHIP&amp#27;[0m&amp#27;[32m to Data Object&amp#27;[0m                                   &amp#27;[90m# com.amused.testSteps.testStepDef.userAddAsTheToDataObject(java.lang.String,java.lang.String)&amp#27;[0m
  &amp#27;[32mAnd &amp#27;[0m&amp#27;[32mUser set &amp#27;[0m&amp#27;[32m&amp#27;[1m"Price"&amp#27;[0m&amp#27;[32m as the &amp#27;[0m&amp#27;[32m&amp#27;[1m2000.89&amp#27;[0m&amp#27;[32m to Data Object&amp#27;[0m                                       &amp#27;[90m# com.amused.testSteps.testStepDef.userAddAsTheToDataObject(java.lang.String,java.lang.String)&amp#27;[0m
2023-05-11 02:16:07.033 [main] INFO  com.amused.testSteps.testStepDef - Prepared Json Object >> {"data":{"Year":"2029","Price":"2000.89","CPU model":"M12CHIP"},"name":"Apple Iphone 16"}
Request method:	POST
Request URI:	https://api.restful-api.dev/objects
Proxy:			<none>
Request params:	<none>
Query params:	<none>
Form params:	<none>
Path params:	<none>
Headers:		Accept=*/*
				Content-Type=application/json
Cookies:		<none>
Multiparts:		<none>
Body:
{
    "data": {
        "Year": "2029",
        "Price": "2000.89",
        "CPU model": "M12CHIP"
    },
    "name": "Apple Iphone 16"
}
HTTP/1.1 405 Method Not Allowed
Date: Wed, 10 May 2023 20:46:12 GMT
Content-Type: application/json
Transfer-Encoding: chunked
Connection: keep-alive
Vary: Origin
Vary: Access-Control-Request-Method
Vary: Access-Control-Request-Headers
CF-Cache-Status: DYNAMIC
Report-To: {"endpoints":[{"url":"https:\/\/a.nel.cloudflare.com\/report\/v3?s=5r1hfzutzyb9dBSMtyToEYuz4c9tC5uXeClHI79AS5DoTXhhJCWXB%2Bc0hDnarVge%2BTF6Vd7eY9lOh5zgZt%2BbehYajAbVpqamb6fX%2FJ2xmX2vRotg60mBZrf1gSw0oZCNbVshegaz"}],"group":"cf-nel","max_age":604800}
NEL: {"success_fraction":0,"report_to":"cf-nel","max_age":604800}
Server: cloudflare
CF-RAY: 7c5507bd29eeb300-CMB
alt-svc: h3=":443"; ma=86400, h3-29=":443"; ma=86400

{
    "error": "We are very sorry but you reached your limit of requests per day. Our current limit is equal to 100 requests per day. The reason for that is the fact that servers cost money and 200 requests per user per day is all that we can afford at the moment. Tomorrow the limit will reset and you will be able to continue. Thanks and have a good day!"
}
2023-05-11 02:16:10.452 [main] INFO  com.amused.utils.RestUtils - API service is :addObject and response code is :405
  &amp#27;[31mGiven &amp#27;[0m&amp#27;[31muser add the Object using api Request&amp#27;[0m                                              &amp#27;[90m# com.amused.testSteps.testStepDef.userInvokeTheAddObjectAPI()&amp#27;[0m
      &amp#27;[31mjava.lang.AssertionError: userInvokeTheAddObjectAPI Step is failed due to exception of java.lang.NullPointerException
	at org.testng.Assert.fail(Assert.java:110)
	at com.amused.testSteps.testStepDef.userInvokeTheAddObjectAPI(testStepDef.java:79)
	at âœ½.user add the Object using api Request(file:///C:/Personal.work/qa-api-automation/src/test/resources/features/AddObjectAPI.feature:10)
&amp#27;[0m
  &amp#27;[36mThen &amp#27;[0m&amp#27;[36mvalidate the status code is &amp#27;[0m&amp#27;[36m&amp#27;[1m200&amp#27;[0m                                                     &amp#27;[90m# com.amused.testSteps.testStepDef.validateTheStatusCodeIs(int)&amp#27;[0m
  &amp#27;[36mThen &amp#27;[0m&amp#27;[36mvalidate if response header availability&amp#27;[0m                                            &amp#27;[90m# com.amused.testSteps.testStepDef.validateIfResponseHavingHeader()&amp#27;[0m
  &amp#27;[36mThen &amp#27;[0m&amp#27;[36mvalidate &amp#27;[0m&amp#27;[36m&amp#27;[1m"ABOVE"&amp#27;[0m&amp#27;[36m object ID is not Changed after the Update Object&amp#27;[0m                   &amp#27;[90m# com.amused.testSteps.testStepDef.validateObjectIDIsNotChangedAfterTheUpdateObject(java.lang.String)&amp#27;[0m
  &amp#27;[36mThen &amp#27;[0m&amp#27;[36mverify the Response with &amp#27;[0m&amp#27;[36m&amp#27;[1m"name"&amp#27;[0m&amp#27;[36m as &amp#27;[0m&amp#27;[36m&amp#27;[1m"Apple Iphone 16"&amp#27;[0m&amp#27;[36m in Object&amp#27;[0m                      &amp#27;[90m# com.amused.testSteps.testStepDef.verifyTheResponseWithAsInObject(java.lang.String,java.lang.String)&amp#27;[0m
  &amp#27;[36mAnd &amp#27;[0m&amp#27;[36mverify the Response with &amp#27;[0m&amp#27;[36m&amp#27;[1m"Year"&amp#27;[0m&amp#27;[36m as &amp#27;[0m&amp#27;[36m&amp#27;[1m"2029"&amp#27;[0m&amp#27;[36m in Data Object&amp#27;[0m                             &amp#27;[90m# com.amused.testSteps.testStepDef.verifyTheResponseWithAsInDataObject(java.lang.String,java.lang.String)&amp#27;[0m
  &amp#27;[36mAnd &amp#27;[0m&amp#27;[36mverify the Response with &amp#27;[0m&amp#27;[36m&amp#27;[1m"Price"&amp#27;[0m&amp#27;[36m as &amp#27;[0m&amp#27;[36m&amp#27;[1m"2000.89"&amp#27;[0m&amp#27;[36m in Data Object&amp#27;[0m                         &amp#27;[90m# com.amused.testSteps.testStepDef.verifyTheResponseWithAsInDataObject(java.lang.String,java.lang.String)&amp#27;[0m
  &amp#27;[36mAnd &amp#27;[0m&amp#27;[36mverify the Response with &amp#27;[0m&amp#27;[36m&amp#27;[1m"CPU model"&amp#27;[0m&amp#27;[36m as &amp#27;[0m&amp#27;[36m&amp#27;[1m"M12CHIP"&amp#27;[0m&amp#27;[36m in Data Object&amp#27;[0m                     &amp#27;[90m# com.amused.testSteps.testStepDef.verifyTheResponseWithAsInDataObject(java.lang.String,java.lang.String)&amp#27;[0m
  &amp#27;[36mThen &amp#27;[0m&amp#27;[36mVerify the Response Object with &amp#27;[0m&amp#27;[36m&amp#27;[1m"name"&amp#27;[0m&amp#27;[36m as &amp#27;[0m&amp#27;[36m&amp#27;[1m"Apple Iphone 16"&amp#27;[0m&amp#27;[36m in &amp#27;[0m&amp#27;[36m&amp#27;[1m"String"&amp#27;[0m&amp#27;[36m data format&amp#27;[0m &amp#27;[90m# com.amused.testSteps.testStepDef.verifyTheResponseWithAsInObject(java.lang.String,java.lang.String,java.lang.String)&amp#27;[0m
  &amp#27;[36mThen &amp#27;[0m&amp#27;[36mVerify the Response Object with &amp#27;[0m&amp#27;[36m&amp#27;[1m"id"&amp#27;[0m&amp#27;[36m as &amp#27;[0m&amp#27;[36m&amp#27;[1m"ABOVE"&amp#27;[0m&amp#27;[36m in &amp#27;[0m&amp#27;[36m&amp#27;[1m"String"&amp#27;[0m&amp#27;[36m data format&amp#27;[0m             &amp#27;[90m# com.amused.testSteps.testStepDef.verifyTheResponseWithAsInObject(java.lang.String,java.lang.String,java.lang.String)&amp#27;[0m
  &amp#27;[36mAnd &amp#27;[0m&amp#27;[36mVerify the Response Data Object with &amp#27;[0m&amp#27;[36m&amp#27;[1m"Year"&amp#27;[0m&amp#27;[36m as &amp#27;[0m&amp#27;[36m&amp#27;[1m"2029"&amp#27;[0m&amp#27;[36m in &amp#27;[0m&amp#27;[36m&amp#27;[1m"String"&amp#27;[0m&amp#27;[36m data format&amp#27;[0m        &amp#27;[90m# com.amused.testSteps.testStepDef.verifyTheResponseWithAs(java.lang.String,java.lang.String,java.lang.String)&amp#27;[0m
  &amp#27;[36mAnd &amp#27;[0m&amp#27;[36mVerify the Response Data Object with &amp#27;[0m&amp#27;[36m&amp#27;[1m"Price"&amp#27;[0m&amp#27;[36m as &amp#27;[0m&amp#27;[36m&amp#27;[1m"2000.89"&amp#27;[0m&amp#27;[36m in &amp#27;[0m&amp#27;[36m&amp#27;[1m"String"&amp#27;[0m&amp#27;[36m data format&amp#27;[0m    &amp#27;[90m# com.amused.testSteps.testStepDef.verifyTheResponseWithAs(java.lang.String,java.lang.String,java.lang.String)&amp#27;[0m
]]></system-out>
  </testcase>
  <testcase name="runScenario[&quot;Verifying the &quot;invalid_DATA_TYPE_FOR_NAME_Field&quot; Negative Scenarios&quot;, &quot;Optional[ADD Single Object POST API]&quot;](2)" classname="com.amused.runner.TestRunner" time="0.426">
    <failure message="expected [400] but found [405]" type="java.lang.AssertionError"><![CDATA[java.lang.AssertionError: expected [400] but found [405]
]]></failure>
    <system-out><![CDATA[
@ADDObjectAPI @api
Scenario Outline: Verifying the "invalid_DATA_TYPE_FOR_NAME_Field" Negative Scenarios    &amp#27;[90m# src/test/resources/features/AddObjectAPI.feature:32&amp#27;[0m
  &amp#27;[32mGiven &amp#27;[0m&amp#27;[32mUser set &amp#27;[0m&amp#27;[32m&amp#27;[1m"name"&amp#27;[0m&amp#27;[32m as the &amp#27;[0m&amp#27;[32m&amp#27;[1m"12345"&amp#27;[0m&amp#27;[32m to Object with &amp#27;[0m&amp#27;[32m&amp#27;[1m"integer"&amp#27;[0m&amp#27;[32m Data type&amp#27;[0m                &amp#27;[90m# com.amused.testSteps.testStepDef.userSetAsTheToObjectWithDataType(java.lang.String,java.lang.String,java.lang.String)&amp#27;[0m
  &amp#27;[32mAnd &amp#27;[0m&amp#27;[32mUser set &amp#27;[0m&amp#27;[32m&amp#27;[1m"Year"&amp#27;[0m&amp#27;[32m as the &amp#27;[0m&amp#27;[32m&amp#27;[1m"2021"&amp#27;[0m&amp#27;[32m to Data Object with &amp#27;[0m&amp#27;[32m&amp#27;[1m"integer"&amp#27;[0m&amp#27;[32m Data type&amp#27;[0m              &amp#27;[90m# com.amused.testSteps.testStepDef.userSetAsTheToDataObjectWithDataType(java.lang.String,java.lang.String,java.lang.String)&amp#27;[0m
  &amp#27;[32mAnd &amp#27;[0m&amp#27;[32mUser set &amp#27;[0m&amp#27;[32m&amp#27;[1m"price"&amp#27;[0m&amp#27;[32m as the &amp#27;[0m&amp#27;[32m&amp#27;[1m"2004.89"&amp#27;[0m&amp#27;[32m to Data Object with &amp#27;[0m&amp#27;[32m&amp#27;[1m"float"&amp#27;[0m&amp#27;[32m Data type&amp#27;[0m            &amp#27;[90m# com.amused.testSteps.testStepDef.userSetAsTheToDataObjectWithDataType(java.lang.String,java.lang.String,java.lang.String)&amp#27;[0m
  &amp#27;[32mAnd &amp#27;[0m&amp#27;[32mUser set &amp#27;[0m&amp#27;[32m&amp#27;[1m"CPU model"&amp#27;[0m&amp#27;[32m as the &amp#27;[0m&amp#27;[32m&amp#27;[1m"Intel Core i9"&amp#27;[0m&amp#27;[32m to Data Object with &amp#27;[0m&amp#27;[32m&amp#27;[1m"string"&amp#27;[0m&amp#27;[32m Data type&amp#27;[0m &amp#27;[90m# com.amused.testSteps.testStepDef.userSetAsTheToDataObjectWithDataType(java.lang.String,java.lang.String,java.lang.String)&amp#27;[0m
2023-05-11 02:16:10.701 [main] INFO  com.amused.testSteps.testStepDef - Prepared Json Object >> {"data":{"Year":2021,"price":2004.89,"CPU model":"Intel Core i9"},"name":12345}
Request method:	POST
Request URI:	https://api.restful-api.dev/objects
Proxy:			<none>
Request params:	<none>
Query params:	<none>
Form params:	<none>
Path params:	<none>
Headers:		Accept=*/*
				Content-Type=application/json
Cookies:		<none>
Multiparts:		<none>
Body:
{
    "data": {
        "Year": 2021,
        "price": 2004.89,
        "CPU model": "Intel Core i9"
    },
    "name": 12345
}
HTTP/1.1 405 Method Not Allowed
Date: Wed, 10 May 2023 20:46:12 GMT
Content-Type: application/json
Transfer-Encoding: chunked
Connection: keep-alive
Vary: Origin
Vary: Access-Control-Request-Method
Vary: Access-Control-Request-Headers
CF-Cache-Status: DYNAMIC
Report-To: {"endpoints":[{"url":"https:\/\/a.nel.cloudflare.com\/report\/v3?s=S58%2BxWQnq1u0yxk3fgqP%2F8E3grygE%2Br9obreWJRSygjWwntcxvR5VVJRUIfBPCd3kC2WztUFh%2Bw7ecfQ7NwfXctQ3RZyr6ERLXuqt5IGWKCR7mg%2BBNvvRRWi3OOmlEUZskLilc2Q"}],"group":"cf-nel","max_age":604800}
NEL: {"success_fraction":0,"report_to":"cf-nel","max_age":604800}
Server: cloudflare
CF-RAY: 7c5507c15c414ccd-CMB
alt-svc: h3=":443"; ma=86400, h3-29=":443"; ma=86400

{
    "error": "We are very sorry but you reached your limit of requests per day. Our current limit is equal to 100 requests per day. The reason for that is the fact that servers cost money and 200 requests per user per day is all that we can afford at the moment. Tomorrow the limit will reset and you will be able to continue. Thanks and have a good day!"
}
2023-05-11 02:16:11.028 [main] INFO  com.amused.utils.RestUtils - API service is :addObject and response code is :405
  &amp#27;[32mGiven &amp#27;[0m&amp#27;[32muser SEND ADD OBJECT POST request&amp#27;[0m                                                &amp#27;[90m# com.amused.testSteps.testStepDef.userInvokeThePOSTAddObjectAPI()&amp#27;[0m
  &amp#27;[31mThen &amp#27;[0m&amp#27;[31mvalidate the status code is &amp#27;[0m&amp#27;[31m&amp#27;[1m400&amp#27;[0m                                                   &amp#27;[90m# com.amused.testSteps.testStepDef.validateTheStatusCodeIs(int)&amp#27;[0m
      &amp#27;[31mjava.lang.AssertionError: expected [400] but found [405]
	at org.testng.Assert.fail(Assert.java:110)
	at org.testng.Assert.failNotEquals(Assert.java:1577)
	at org.testng.Assert.assertEqualsImpl(Assert.java:149)
	at org.testng.Assert.assertEquals(Assert.java:131)
	at org.testng.Assert.assertEquals(Assert.java:1418)
	at org.testng.Assert.assertEquals(Assert.java:1382)
	at org.testng.Assert.assertEquals(Assert.java:1428)
	at com.amused.testSteps.testStepDef.validateTheStatusCodeIs(testStepDef.java:184)
	at âœ½.validate the status code is 400(file:///C:/Personal.work/qa-api-automation/src/test/resources/features/AddObjectAPI.feature:29)
&amp#27;[0m
]]></system-out>
  </testcase>
  <testcase name="runScenario[&quot;Verifying the &quot;Special_Characters_FOR_NAME_Field&quot; Negative Scenarios&quot;, &quot;Optional[ADD Single Object POST API]&quot;](3)" classname="com.amused.runner.TestRunner" time="0.304">
    <failure message="expected [400] but found [405]" type="java.lang.AssertionError"><![CDATA[java.lang.AssertionError: expected [400] but found [405]
]]></failure>
    <system-out><![CDATA[
@ADDObjectAPI @api
Scenario Outline: Verifying the "Special_Characters_FOR_NAME_Field" Negative Scenarios   &amp#27;[90m# src/test/resources/features/AddObjectAPI.feature:33&amp#27;[0m
  &amp#27;[32mGiven &amp#27;[0m&amp#27;[32mUser set &amp#27;[0m&amp#27;[32m&amp#27;[1m"name"&amp#27;[0m&amp#27;[32m as the &amp#27;[0m&amp#27;[32m&amp#27;[1m"!@#$&*()_+-;:"&amp#27;[0m&amp#27;[32m to Object with &amp#27;[0m&amp#27;[32m&amp#27;[1m"string"&amp#27;[0m&amp#27;[32m Data type&amp#27;[0m         &amp#27;[90m# com.amused.testSteps.testStepDef.userSetAsTheToObjectWithDataType(java.lang.String,java.lang.String,java.lang.String)&amp#27;[0m
  &amp#27;[32mAnd &amp#27;[0m&amp#27;[32mUser set &amp#27;[0m&amp#27;[32m&amp#27;[1m"Year"&amp#27;[0m&amp#27;[32m as the &amp#27;[0m&amp#27;[32m&amp#27;[1m"2021"&amp#27;[0m&amp#27;[32m to Data Object with &amp#27;[0m&amp#27;[32m&amp#27;[1m"integer"&amp#27;[0m&amp#27;[32m Data type&amp#27;[0m              &amp#27;[90m# com.amused.testSteps.testStepDef.userSetAsTheToDataObjectWithDataType(java.lang.String,java.lang.String,java.lang.String)&amp#27;[0m
  &amp#27;[32mAnd &amp#27;[0m&amp#27;[32mUser set &amp#27;[0m&amp#27;[32m&amp#27;[1m"price"&amp#27;[0m&amp#27;[32m as the &amp#27;[0m&amp#27;[32m&amp#27;[1m"2004.89"&amp#27;[0m&amp#27;[32m to Data Object with &amp#27;[0m&amp#27;[32m&amp#27;[1m"float"&amp#27;[0m&amp#27;[32m Data type&amp#27;[0m            &amp#27;[90m# com.amused.testSteps.testStepDef.userSetAsTheToDataObjectWithDataType(java.lang.String,java.lang.String,java.lang.String)&amp#27;[0m
  &amp#27;[32mAnd &amp#27;[0m&amp#27;[32mUser set &amp#27;[0m&amp#27;[32m&amp#27;[1m"CPU model"&amp#27;[0m&amp#27;[32m as the &amp#27;[0m&amp#27;[32m&amp#27;[1m"Intel Core i9"&amp#27;[0m&amp#27;[32m to Data Object with &amp#27;[0m&amp#27;[32m&amp#27;[1m"string"&amp#27;[0m&amp#27;[32m Data type&amp#27;[0m &amp#27;[90m# com.amused.testSteps.testStepDef.userSetAsTheToDataObjectWithDataType(java.lang.String,java.lang.String,java.lang.String)&amp#27;[0m
2023-05-11 02:16:11.102 [main] INFO  com.amused.testSteps.testStepDef - Prepared Json Object >> {"data":{"Year":2021,"price":2004.89,"CPU model":"Intel Core i9"},"name":"!@#$&*()_+-;:"}
Request method:	POST
Request URI:	https://api.restful-api.dev/objects
Proxy:			<none>
Request params:	<none>
Query params:	<none>
Form params:	<none>
Path params:	<none>
Headers:		Accept=*/*
				Content-Type=application/json
Cookies:		<none>
Multiparts:		<none>
Body:
{
    "data": {
        "Year": 2021,
        "price": 2004.89,
        "CPU model": "Intel Core i9"
    },
    "name": "!@#$&*()_+-;:"
}
HTTP/1.1 405 Method Not Allowed
Date: Wed, 10 May 2023 20:46:13 GMT
Content-Type: application/json
Transfer-Encoding: chunked
Connection: keep-alive
Vary: Origin
Vary: Access-Control-Request-Method
Vary: Access-Control-Request-Headers
CF-Cache-Status: DYNAMIC
Report-To: {"endpoints":[{"url":"https:\/\/a.nel.cloudflare.com\/report\/v3?s=2N0qRMJ6LXsuWAQo3VkI%2BsIrHu43kVLVEtAOkd0G9ThwjtGD3Y%2FILd%2FMI1RjdWHW4rZ6wmX6D95RdnFtJUPTd2kcvyx12krLoDY98YAbEJ4cPhd%2B5%2FOksqK51rBK3JwlPNR3J15%2F"}],"group":"cf-nel","max_age":604800}
NEL: {"success_fraction":0,"report_to":"cf-nel","max_age":604800}
Server: cloudflare
CF-RAY: 7c5507c3bc4fb300-CMB
alt-svc: h3=":443"; ma=86400, h3-29=":443"; ma=86400

{
    "error": "We are very sorry but you reached your limit of requests per day. Our current limit is equal to 100 requests per day. The reason for that is the fact that servers cost money and 200 requests per user per day is all that we can afford at the moment. Tomorrow the limit will reset and you will be able to continue. Thanks and have a good day!"
}
2023-05-11 02:16:11.355 [main] INFO  com.amused.utils.RestUtils - API service is :addObject and response code is :405
  &amp#27;[32mGiven &amp#27;[0m&amp#27;[32muser SEND ADD OBJECT POST request&amp#27;[0m                                                &amp#27;[90m# com.amused.testSteps.testStepDef.userInvokeThePOSTAddObjectAPI()&amp#27;[0m
  &amp#27;[31mThen &amp#27;[0m&amp#27;[31mvalidate the status code is &amp#27;[0m&amp#27;[31m&amp#27;[1m400&amp#27;[0m                                                   &amp#27;[90m# com.amused.testSteps.testStepDef.validateTheStatusCodeIs(int)&amp#27;[0m
      &amp#27;[31mjava.lang.AssertionError: expected [400] but found [405]
	at org.testng.Assert.fail(Assert.java:110)
	at org.testng.Assert.failNotEquals(Assert.java:1577)
	at org.testng.Assert.assertEqualsImpl(Assert.java:149)
	at org.testng.Assert.assertEquals(Assert.java:131)
	at org.testng.Assert.assertEquals(Assert.java:1418)
	at org.testng.Assert.assertEquals(Assert.java:1382)
	at org.testng.Assert.assertEquals(Assert.java:1428)
	at com.amused.testSteps.testStepDef.validateTheStatusCodeIs(testStepDef.java:184)
	at âœ½.validate the status code is 400(file:///C:/Personal.work/qa-api-automation/src/test/resources/features/AddObjectAPI.feature:29)
&amp#27;[0m
]]></system-out>
  </testcase>
  <testcase name="runScenario[&quot;Verifying the &quot;NULL_FOR_NAME_Field&quot; Negative Scenarios&quot;, &quot;Optional[ADD Single Object POST API]&quot;](4)" classname="com.amused.runner.TestRunner" time="0.295">
    <failure message="expected [400] but found [405]" type="java.lang.AssertionError"><![CDATA[java.lang.AssertionError: expected [400] but found [405]
]]></failure>
    <system-out><![CDATA[
@ADDObjectAPI @api
Scenario Outline: Verifying the "NULL_FOR_NAME_Field" Negative Scenarios                 &amp#27;[90m# src/test/resources/features/AddObjectAPI.feature:34&amp#27;[0m
  &amp#27;[32mGiven &amp#27;[0m&amp#27;[32mUser set &amp#27;[0m&amp#27;[32m&amp#27;[1m"name"&amp#27;[0m&amp#27;[32m as the &amp#27;[0m&amp#27;[32m&amp#27;[1m"null"&amp#27;[0m&amp#27;[32m to Object with &amp#27;[0m&amp#27;[32m&amp#27;[1m"string"&amp#27;[0m&amp#27;[32m Data type&amp#27;[0m                  &amp#27;[90m# com.amused.testSteps.testStepDef.userSetAsTheToObjectWithDataType(java.lang.String,java.lang.String,java.lang.String)&amp#27;[0m
  &amp#27;[32mAnd &amp#27;[0m&amp#27;[32mUser set &amp#27;[0m&amp#27;[32m&amp#27;[1m"Year"&amp#27;[0m&amp#27;[32m as the &amp#27;[0m&amp#27;[32m&amp#27;[1m"2021"&amp#27;[0m&amp#27;[32m to Data Object with &amp#27;[0m&amp#27;[32m&amp#27;[1m"integer"&amp#27;[0m&amp#27;[32m Data type&amp#27;[0m              &amp#27;[90m# com.amused.testSteps.testStepDef.userSetAsTheToDataObjectWithDataType(java.lang.String,java.lang.String,java.lang.String)&amp#27;[0m
  &amp#27;[32mAnd &amp#27;[0m&amp#27;[32mUser set &amp#27;[0m&amp#27;[32m&amp#27;[1m"price"&amp#27;[0m&amp#27;[32m as the &amp#27;[0m&amp#27;[32m&amp#27;[1m"2004.89"&amp#27;[0m&amp#27;[32m to Data Object with &amp#27;[0m&amp#27;[32m&amp#27;[1m"float"&amp#27;[0m&amp#27;[32m Data type&amp#27;[0m            &amp#27;[90m# com.amused.testSteps.testStepDef.userSetAsTheToDataObjectWithDataType(java.lang.String,java.lang.String,java.lang.String)&amp#27;[0m
  &amp#27;[32mAnd &amp#27;[0m&amp#27;[32mUser set &amp#27;[0m&amp#27;[32m&amp#27;[1m"CPU model"&amp#27;[0m&amp#27;[32m as the &amp#27;[0m&amp#27;[32m&amp#27;[1m"Intel Core i9"&amp#27;[0m&amp#27;[32m to Data Object with &amp#27;[0m&amp#27;[32m&amp#27;[1m"string"&amp#27;[0m&amp#27;[32m Data type&amp#27;[0m &amp#27;[90m# com.amused.testSteps.testStepDef.userSetAsTheToDataObjectWithDataType(java.lang.String,java.lang.String,java.lang.String)&amp#27;[0m
2023-05-11 02:16:11.400 [main] INFO  com.amused.testSteps.testStepDef - Prepared Json Object >> {"data":{"Year":2021,"price":2004.89,"CPU model":"Intel Core i9"},"name":"null"}
Request method:	POST
Request URI:	https://api.restful-api.dev/objects
Proxy:			<none>
Request params:	<none>
Query params:	<none>
Form params:	<none>
Path params:	<none>
Headers:		Accept=*/*
				Content-Type=application/json
Cookies:		<none>
Multiparts:		<none>
Body:
{
    "data": {
        "Year": 2021,
        "price": 2004.89,
        "CPU model": "Intel Core i9"
    },
    "name": "null"
}
HTTP/1.1 405 Method Not Allowed
Date: Wed, 10 May 2023 20:46:13 GMT
Content-Type: application/json
Transfer-Encoding: chunked
Connection: keep-alive
Vary: Origin
Vary: Access-Control-Request-Method
Vary: Access-Control-Request-Headers
CF-Cache-Status: DYNAMIC
Report-To: {"endpoints":[{"url":"https:\/\/a.nel.cloudflare.com\/report\/v3?s=c3e2PK%2F5O2eNHAoUkP7vY4dEATAosfC83YZFUy3EdL9%2FFVT7vzf81YC1LctF%2Fh537ovSZC02R7gnEv1KtR8yxSmITd8yQtYFvola6r%2F4P%2FlA%2FdDvJ7X6YpurZKAosta%2FQKLMRXmG"}],"group":"cf-nel","max_age":604800}
NEL: {"success_fraction":0,"report_to":"cf-nel","max_age":604800}
Server: cloudflare
CF-RAY: 7c5507c57b44b2f9-CMB
alt-svc: h3=":443"; ma=86400, h3-29=":443"; ma=86400

{
    "error": "We are very sorry but you reached your limit of requests per day. Our current limit is equal to 100 requests per day. The reason for that is the fact that servers cost money and 200 requests per user per day is all that we can afford at the moment. Tomorrow the limit will reset and you will be able to continue. Thanks and have a good day!"
}
2023-05-11 02:16:11.684 [main] INFO  com.amused.utils.RestUtils - API service is :addObject and response code is :405
  &amp#27;[32mGiven &amp#27;[0m&amp#27;[32muser SEND ADD OBJECT POST request&amp#27;[0m                                                &amp#27;[90m# com.amused.testSteps.testStepDef.userInvokeThePOSTAddObjectAPI()&amp#27;[0m
  &amp#27;[31mThen &amp#27;[0m&amp#27;[31mvalidate the status code is &amp#27;[0m&amp#27;[31m&amp#27;[1m400&amp#27;[0m                                                   &amp#27;[90m# com.amused.testSteps.testStepDef.validateTheStatusCodeIs(int)&amp#27;[0m
      &amp#27;[31mjava.lang.AssertionError: expected [400] but found [405]
	at org.testng.Assert.fail(Assert.java:110)
	at org.testng.Assert.failNotEquals(Assert.java:1577)
	at org.testng.Assert.assertEqualsImpl(Assert.java:149)
	at org.testng.Assert.assertEquals(Assert.java:131)
	at org.testng.Assert.assertEquals(Assert.java:1418)
	at org.testng.Assert.assertEquals(Assert.java:1382)
	at org.testng.Assert.assertEquals(Assert.java:1428)
	at com.amused.testSteps.testStepDef.validateTheStatusCodeIs(testStepDef.java:184)
	at âœ½.validate the status code is 400(file:///C:/Personal.work/qa-api-automation/src/test/resources/features/AddObjectAPI.feature:29)
&amp#27;[0m
]]></system-out>
  </testcase>
  <testcase name="runScenario[&quot;Verify that the Getting 400 error When sending POST request with no Body json.&quot;, &quot;Optional[ADD Single Object POST API]&quot;](5)" classname="com.amused.runner.TestRunner" time="0.256">
    <system-out><![CDATA[
@ADDObjectAPI @api
Scenario: Verify that the Getting 400 error When sending POST request with no Body json.                                                                                                                     &amp#27;[90m# src/test/resources/features/AddObjectAPI.feature:36&amp#27;[0m
  &amp#27;[32mGiven &amp#27;[0m&amp#27;[32mSet JSON Body as EMPTY&amp#27;[0m                                                                                                                                                                               &amp#27;[90m# com.amused.testSteps.testStepDef.setJSONBodyAsEmpty()&amp#27;[0m
Request method:	POST
Request URI:	https://api.restful-api.dev/objects
Proxy:			<none>
Request params:	<none>
Query params:	<none>
Form params:	<none>
Path params:	<none>
Headers:		Accept=*/*
				Content-Type=application/json
Cookies:		<none>
Multiparts:		<none>
Body:
HTTP/1.1 400 Bad Request
Date: Wed, 10 May 2023 20:46:13 GMT
Content-Type: application/json
Transfer-Encoding: chunked
Connection: keep-alive
Vary: Origin
Vary: Access-Control-Request-Method
Vary: Access-Control-Request-Headers
CF-Cache-Status: DYNAMIC
Report-To: {"endpoints":[{"url":"https:\/\/a.nel.cloudflare.com\/report\/v3?s=PJWxcr230yfEdhI6IJmx56EQGaqVenrIN%2BinmvsxLsxVvZJA39vRyyzSRmKnYx6agmq2WyMm%2FTVLRNJkxSfWlOBwMrIuXuL0TSfWUu3pdzVzcP%2BI1TfVsZ4GyLpufPETZF8JB39c"}],"group":"cf-nel","max_age":604800}
NEL: {"success_fraction":0,"report_to":"cf-nel","max_age":604800}
Server: cloudflare
CF-RAY: 7c5507c75abeb309-CMB
alt-svc: h3=":443"; ma=86400, h3-29=":443"; ma=86400

{
    "error": "400 Bad Request. If you are trying to create or update the data, potential issue is that you are sending incorrect body json or it is missing at all."
}
2023-05-11 02:16:11.935 [main] INFO  com.amused.utils.RestUtils - API service is :addObject and response code is :400
  &amp#27;[32mWhen &amp#27;[0m&amp#27;[32muser SEND ADD OBJECT POST request&amp#27;[0m                                                                                                                                                                     &amp#27;[90m# com.amused.testSteps.testStepDef.userInvokeThePOSTAddObjectAPI()&amp#27;[0m
  &amp#27;[32mThen &amp#27;[0m&amp#27;[32mvalidate the status code is &amp#27;[0m&amp#27;[32m&amp#27;[1m400&amp#27;[0m                                                                                                                                                                       &amp#27;[90m# com.amused.testSteps.testStepDef.validateTheStatusCodeIs(int)&amp#27;[0m
  &amp#27;[32mAnd &amp#27;[0m&amp#27;[32mValidate the Error Response with &amp#27;[0m&amp#27;[32m&amp#27;[1m"400 Bad Request. If you are trying to create or update the data, potential issue is that you are sending incorrect body json or it is missing at all."&amp#27;[0m&amp#27;[32m error message&amp#27;[0m &amp#27;[90m# com.amused.testSteps.testStepDef.validateTheErrorResponse(java.lang.String)&amp#27;[0m
]]></system-out>
  </testcase>
  <testcase name="runScenario[&quot;Verify GET request to the API endpoint instead of POST&quot;, &quot;Optional[ADD Single Object POST API]&quot;](6)" classname="com.amused.runner.TestRunner" time="0.346">
    <system-out><![CDATA[
@ADDObjectAPI @api
Scenario: Verify GET request to the API endpoint instead of POST &amp#27;[90m# src/test/resources/features/AddObjectAPI.feature:42&amp#27;[0m
  &amp#27;[32mGiven &amp#27;[0m&amp#27;[32mUser set &amp#27;[0m&amp#27;[32m&amp#27;[1m"name"&amp#27;[0m&amp#27;[32m as the &amp#27;[0m&amp#27;[32m&amp#27;[1mApple Iphone 14&amp#27;[0m&amp#27;[32m to Object&amp#27;[0m         &amp#27;[90m# com.amused.testSteps.testStepDef.userAddAsTheToObject(java.lang.String,java.lang.String)&amp#27;[0m
  &amp#27;[32mAnd &amp#27;[0m&amp#27;[32mUser set &amp#27;[0m&amp#27;[32m&amp#27;[1m"Year"&amp#27;[0m&amp#27;[32m as the &amp#27;[0m&amp#27;[32m&amp#27;[1m2029&amp#27;[0m&amp#27;[32m to Data Object&amp#27;[0m                 &amp#27;[90m# com.amused.testSteps.testStepDef.userAddAsTheToDataObject(java.lang.String,java.lang.String)&amp#27;[0m
  &amp#27;[32mAnd &amp#27;[0m&amp#27;[32mUser set &amp#27;[0m&amp#27;[32m&amp#27;[1m"CPU model"&amp#27;[0m&amp#27;[32m as the &amp#27;[0m&amp#27;[32m&amp#27;[1mM12CHIP&amp#27;[0m&amp#27;[32m to Data Object&amp#27;[0m         &amp#27;[90m# com.amused.testSteps.testStepDef.userAddAsTheToDataObject(java.lang.String,java.lang.String)&amp#27;[0m
  &amp#27;[32mAnd &amp#27;[0m&amp#27;[32mUser set &amp#27;[0m&amp#27;[32m&amp#27;[1m"Price"&amp#27;[0m&amp#27;[32m as the &amp#27;[0m&amp#27;[32m&amp#27;[1m2000&amp#27;[0m&amp#27;[32m to Data Object&amp#27;[0m                &amp#27;[90m# com.amused.testSteps.testStepDef.userAddAsTheToDataObject(java.lang.String,java.lang.String)&amp#27;[0m
HTTP/1.1 405 Method Not Allowed
Date: Wed, 10 May 2023 20:46:14 GMT
Content-Type: application/json
Transfer-Encoding: chunked
Connection: keep-alive
Vary: Origin
Vary: Access-Control-Request-Method
Vary: Access-Control-Request-Headers
CF-Cache-Status: DYNAMIC
Report-To: {"endpoints":[{"url":"https:\/\/a.nel.cloudflare.com\/report\/v3?s=Ymtf5rpBTaKgLXhPOfhJnHfnyOSNnTzoz%2FrvHhyiEANYIZxTcUUVVw3zGvDU9QcFS7gilNUgR65o8CbtE316kjSmV0z8GW3RhUG67EGwr4KNSiyAUiivMkhlYXKC8rJAWN4IpwOe"}],"group":"cf-nel","max_age":604800}
NEL: {"success_fraction":0,"report_to":"cf-nel","max_age":604800}
Server: cloudflare
CF-RAY: 7c5507c90ddeb300-CMB
alt-svc: h3=":443"; ma=86400, h3-29=":443"; ma=86400

{
    "error": "We are very sorry but you reached your limit of requests per day. Our current limit is equal to 100 requests per day. The reason for that is the fact that servers cost money and 200 requests per user per day is all that we can afford at the moment. Tomorrow the limit will reset and you will be able to continue. Thanks and have a good day!"
}
  &amp#27;[32mWhen &amp#27;[0m&amp#27;[32mSend a GET request to API endpoint instead of POST&amp#27;[0m        &amp#27;[90m# com.amused.testSteps.testStepDef.sendAGETRequestToAPIEndpointInsteadOfPOST()&amp#27;[0m
  &amp#27;[32mThen &amp#27;[0m&amp#27;[32mvalidate the status code is &amp#27;[0m&amp#27;[32m&amp#27;[1m405&amp#27;[0m                           &amp#27;[90m# com.amused.testSteps.testStepDef.validateTheStatusCodeIs(int)&amp#27;[0m
]]></system-out>
  </testcase>
  <testcase name="runScenario[&quot;Verify the Positive Scenarios&quot;, &quot;Optional[Retrieve Single Object GET API]&quot;](7)" classname="com.amused.runner.TestRunner" time="0.313">
    <failure message="expected [200] but found [405]" type="java.lang.AssertionError"><![CDATA[java.lang.AssertionError: expected [200] but found [405]
]]></failure>
    <system-out><![CDATA[
@getObjectAPI @api
Scenario: Verify the Positive Scenarios                                                         &amp#27;[90m# src/test/resources/features/GetObjectAPI.feature:5&amp#27;[0m
Request method:	GET
Request URI:	https://api.restful-api.dev/objects/7
Proxy:			<none>
Request params:	<none>
Query params:	<none>
Form params:	<none>
Path params:	<none>
Headers:		Accept=*/*
Cookies:		<none>
Multiparts:		<none>
Body:			<none>
HTTP/1.1 405 Method Not Allowed
Date: Wed, 10 May 2023 20:46:14 GMT
Content-Type: application/json
Transfer-Encoding: chunked
Connection: keep-alive
Vary: Origin
Vary: Access-Control-Request-Method
Vary: Access-Control-Request-Headers
CF-Cache-Status: DYNAMIC
Report-To: {"endpoints":[{"url":"https:\/\/a.nel.cloudflare.com\/report\/v3?s=EaasqolUcgwAW%2B2VF91erlX9XcIxmXM2y5o8qY4%2FpiNO2rRCvaqGFE7py1g5lMsEyh9NVyyr%2BEwCmmQEZ5zaEyy1ocjazCRRh7L%2B%2Bq8RQ1mInIdAcY4jDYAdnyqJunrKUl20UtxN"}],"group":"cf-nel","max_age":604800}
NEL: {"success_fraction":0,"report_to":"cf-nel","max_age":604800}
Server: cloudflare
CF-RAY: 7c5507cb2c3fb306-CMB
alt-svc: h3=":443"; ma=86400, h3-29=":443"; ma=86400

{
    "error": "We are very sorry but you reached your limit of requests per day. Our current limit is equal to 100 requests per day. The reason for that is the fact that servers cost money and 200 requests per user per day is all that we can afford at the moment. Tomorrow the limit will reset and you will be able to continue. Thanks and have a good day!"
}
2023-05-11 02:16:12.582 [main] INFO  com.amused.utils.RestUtils - API service is :getObjectForGivenId and response code is :405
  &amp#27;[32mGiven &amp#27;[0m&amp#27;[32muser get Response for &amp#27;[0m&amp#27;[32m&amp#27;[1m"7"&amp#27;[0m&amp#27;[32m Object Id&amp#27;[0m                                                     &amp#27;[90m# com.amused.testSteps.testStepDef.userInvokeTheGET_OBJECTAPI(java.lang.String)&amp#27;[0m
  &amp#27;[31mThen &amp#27;[0m&amp#27;[31mvalidate the status code is &amp#27;[0m&amp#27;[31m&amp#27;[1m200&amp#27;[0m                                                          &amp#27;[90m# com.amused.testSteps.testStepDef.validateTheStatusCodeIs(int)&amp#27;[0m
      &amp#27;[31mjava.lang.AssertionError: expected [200] but found [405]
	at org.testng.Assert.fail(Assert.java:110)
	at org.testng.Assert.failNotEquals(Assert.java:1577)
	at org.testng.Assert.assertEqualsImpl(Assert.java:149)
	at org.testng.Assert.assertEquals(Assert.java:131)
	at org.testng.Assert.assertEquals(Assert.java:1418)
	at org.testng.Assert.assertEquals(Assert.java:1382)
	at org.testng.Assert.assertEquals(Assert.java:1428)
	at com.amused.testSteps.testStepDef.validateTheStatusCodeIs(testStepDef.java:184)
	at âœ½.validate the status code is 200(file:///C:/Personal.work/qa-api-automation/src/test/resources/features/GetObjectAPI.feature:7)
&amp#27;[0m
  &amp#27;[36mThen &amp#27;[0m&amp#27;[36mvalidate if response header availability&amp#27;[0m                                                 &amp#27;[90m# com.amused.testSteps.testStepDef.validateIfResponseHavingHeader()&amp#27;[0m
  &amp#27;[36mThen &amp#27;[0m&amp#27;[36mVerify the Response Object with &amp#27;[0m&amp#27;[36m&amp#27;[1m"name"&amp#27;[0m&amp#27;[36m as &amp#27;[0m&amp#27;[36m&amp#27;[1m"Apple MacBook Pro 16"&amp#27;[0m&amp#27;[36m in &amp#27;[0m&amp#27;[36m&amp#27;[1m"String"&amp#27;[0m&amp#27;[36m data format&amp#27;[0m &amp#27;[90m# com.amused.testSteps.testStepDef.verifyTheResponseWithAsInObject(java.lang.String,java.lang.String,java.lang.String)&amp#27;[0m
  &amp#27;[36mThen &amp#27;[0m&amp#27;[36mVerify the Response Object with &amp#27;[0m&amp#27;[36m&amp#27;[1m"id"&amp#27;[0m&amp#27;[36m as &amp#27;[0m&amp#27;[36m&amp#27;[1m"7"&amp#27;[0m&amp#27;[36m in &amp#27;[0m&amp#27;[36m&amp#27;[1m"String"&amp#27;[0m&amp#27;[36m data format&amp#27;[0m                      &amp#27;[90m# com.amused.testSteps.testStepDef.verifyTheResponseWithAsInObject(java.lang.String,java.lang.String,java.lang.String)&amp#27;[0m
  &amp#27;[36mAnd &amp#27;[0m&amp#27;[36mVerify the Response Data Object with &amp#27;[0m&amp#27;[36m&amp#27;[1m"year"&amp#27;[0m&amp#27;[36m as &amp#27;[0m&amp#27;[36m&amp#27;[1m"2019"&amp#27;[0m&amp#27;[36m in &amp#27;[0m&amp#27;[36m&amp#27;[1m"Integer"&amp#27;[0m&amp#27;[36m data format&amp#27;[0m            &amp#27;[90m# com.amused.testSteps.testStepDef.verifyTheResponseWithAs(java.lang.String,java.lang.String,java.lang.String)&amp#27;[0m
  &amp#27;[36mAnd &amp#27;[0m&amp#27;[36mVerify the Response Data Object with &amp#27;[0m&amp#27;[36m&amp#27;[1m"price"&amp#27;[0m&amp#27;[36m as &amp#27;[0m&amp#27;[36m&amp#27;[1m"1849.99"&amp#27;[0m&amp#27;[36m in &amp#27;[0m&amp#27;[36m&amp#27;[1m"Float"&amp#27;[0m&amp#27;[36m data format&amp#27;[0m          &amp#27;[90m# com.amused.testSteps.testStepDef.verifyTheResponseWithAs(java.lang.String,java.lang.String,java.lang.String)&amp#27;[0m
  &amp#27;[36mAnd &amp#27;[0m&amp#27;[36mverify the Response with &amp#27;[0m&amp#27;[36m&amp#27;[1m"CPU model"&amp#27;[0m&amp#27;[36m as &amp#27;[0m&amp#27;[36m&amp#27;[1m"Intel Core i9"&amp#27;[0m&amp#27;[36m in Data Object&amp#27;[0m                    &amp#27;[90m# com.amused.testSteps.testStepDef.verifyTheResponseWithAsInDataObject(java.lang.String,java.lang.String)&amp#27;[0m
  &amp#27;[36mAnd &amp#27;[0m&amp#27;[36mverify the Response with &amp#27;[0m&amp#27;[36m&amp#27;[1m"Hard disk size"&amp#27;[0m&amp#27;[36m as &amp#27;[0m&amp#27;[36m&amp#27;[1m"1 TB"&amp#27;[0m&amp#27;[36m in Data Object&amp#27;[0m                        &amp#27;[90m# com.amused.testSteps.testStepDef.verifyTheResponseWithAsInDataObject(java.lang.String,java.lang.String)&amp#27;[0m
]]></system-out>
  </testcase>
  <testcase name="runScenario[&quot;Verify the Negative Scenarios&quot;, &quot;Optional[Retrieve Single Object GET API]&quot;](8)" classname="com.amused.runner.TestRunner" time="0.242">
    <failure message="expected [404] but found [405]" type="java.lang.AssertionError"><![CDATA[java.lang.AssertionError: expected [404] but found [405]
]]></failure>
    <system-out><![CDATA[
@getObjectAPI @api
Scenario Outline: Verify the Negative Scenarios                                          &amp#27;[90m# src/test/resources/features/GetObjectAPI.feature:22&amp#27;[0m
Request method:	GET
Request URI:	https://api.restful-api.dev/objects/null
Proxy:			<none>
Request params:	<none>
Query params:	<none>
Form params:	<none>
Path params:	<none>
Headers:		Accept=*/*
Cookies:		<none>
Multiparts:		<none>
Body:			<none>
HTTP/1.1 405 Method Not Allowed
Date: Wed, 10 May 2023 20:46:14 GMT
Content-Type: application/json
Transfer-Encoding: chunked
Connection: keep-alive
Vary: Origin
Vary: Access-Control-Request-Method
Vary: Access-Control-Request-Headers
CF-Cache-Status: DYNAMIC
Report-To: {"endpoints":[{"url":"https:\/\/a.nel.cloudflare.com\/report\/v3?s=oUc44z5RogfVXPilXqUcOf97DYRV%2BT8Iy%2F4O5%2BC%2BP9vQLdYlSB%2FOnNwJz5CgrLh9XNTMWRSlYqQFQ5zVdkpGqNJOI4OXMperOGo%2FnxMMFSaMoM1yP3BtFf5Vr4LA5%2FUuUQtQAABZ"}],"group":"cf-nel","max_age":604800}
NEL: {"success_fraction":0,"report_to":"cf-nel","max_age":604800}
Server: cloudflare
CF-RAY: 7c5507ccff61b300-CMB
alt-svc: h3=":443"; ma=86400, h3-29=":443"; ma=86400

{
    "error": "We are very sorry but you reached your limit of requests per day. Our current limit is equal to 100 requests per day. The reason for that is the fact that servers cost money and 200 requests per user per day is all that we can afford at the moment. Tomorrow the limit will reset and you will be able to continue. Thanks and have a good day!"
}
2023-05-11 02:16:12.838 [main] INFO  com.amused.utils.RestUtils - API service is :getObjectForGivenId and response code is :405
  &amp#27;[32mGiven &amp#27;[0m&amp#27;[32muser get Response for &amp#27;[0m&amp#27;[32m&amp#27;[1m"INVALID_OBJECT_ID"&amp#27;[0m&amp#27;[32m Object Id&amp#27;[0m                              &amp#27;[90m# com.amused.testSteps.testStepDef.userInvokeTheGET_OBJECTAPI(java.lang.String)&amp#27;[0m
  &amp#27;[31mThen &amp#27;[0m&amp#27;[31mvalidate the status code is &amp#27;[0m&amp#27;[31m&amp#27;[1m404&amp#27;[0m                                                   &amp#27;[90m# com.amused.testSteps.testStepDef.validateTheStatusCodeIs(int)&amp#27;[0m
      &amp#27;[31mjava.lang.AssertionError: expected [404] but found [405]
	at org.testng.Assert.fail(Assert.java:110)
	at org.testng.Assert.failNotEquals(Assert.java:1577)
	at org.testng.Assert.assertEqualsImpl(Assert.java:149)
	at org.testng.Assert.assertEquals(Assert.java:131)
	at org.testng.Assert.assertEquals(Assert.java:1418)
	at org.testng.Assert.assertEquals(Assert.java:1382)
	at org.testng.Assert.assertEquals(Assert.java:1428)
	at com.amused.testSteps.testStepDef.validateTheStatusCodeIs(testStepDef.java:184)
	at âœ½.validate the status code is 404(file:///C:/Personal.work/qa-api-automation/src/test/resources/features/GetObjectAPI.feature:18)
&amp#27;[0m
  &amp#27;[36mAnd &amp#27;[0m&amp#27;[36mValidate the Error Response with &amp#27;[0m&amp#27;[36m&amp#27;[1m"Oject with id=null was not found."&amp#27;[0m&amp#27;[36m error message&amp#27;[0m &amp#27;[90m# com.amused.testSteps.testStepDef.validateTheErrorResponse(java.lang.String)&amp#27;[0m
]]></system-out>
  </testcase>
  <testcase name="runScenario[&quot;Verify the Negative Scenarios&quot;, &quot;Optional[Retrieve Single Object GET API]&quot;](9)" classname="com.amused.runner.TestRunner" time="0.259">
    <failure message="expected [400] but found [200]" type="java.lang.AssertionError"><![CDATA[java.lang.AssertionError: expected [400] but found [200]
]]></failure>
    <system-out><![CDATA[
@getObjectAPI @api
Scenario Outline: Verify the Negative Scenarios                    &amp#27;[90m# src/test/resources/features/GetObjectAPI.feature:23&amp#27;[0m
Request method:	GET
Request URI:	https://api.restful-api.dev/objects/
Proxy:			<none>
Request params:	<none>
Query params:	<none>
Form params:	<none>
Path params:	<none>
Headers:		Accept=*/*
Cookies:		<none>
Multiparts:		<none>
Body:			<none>
HTTP/1.1 200 OK
Date: Wed, 10 May 2023 20:46:14 GMT
Content-Type: text/plain;charset=UTF-8
Content-Length: 28
Connection: keep-alive
Vary: Origin
Vary: Access-Control-Request-Method
Vary: Access-Control-Request-Headers
CF-Cache-Status: DYNAMIC
Report-To: {"endpoints":[{"url":"https:\/\/a.nel.cloudflare.com\/report\/v3?s=s0Md8jUT9R2Oo9GUDgHHvpqcG76%2BgmKtDJ54sKl1ZT%2BisjAHSnlu2MWCnDMt2gEHBd1sJW9WCDExhsDK7I1kPNO%2B89DmBQPgEcV%2BMNEp1tn8kFtpVGadAG8nBhTxwRtTfgRZTNLB"}],"group":"cf-nel","max_age":604800}
NEL: {"success_fraction":0,"report_to":"cf-nel","max_age":604800}
Server: cloudflare
CF-RAY: 7c5507ce7d47b306-CMB
alt-svc: h3=":443"; ma=86400, h3-29=":443"; ma=86400

Hello world from Spring Boot
2023-05-11 02:16:13.106 [main] INFO  com.amused.utils.RestUtils - API service is :getObjectForGivenId and response code is :200
  &amp#27;[32mGiven &amp#27;[0m&amp#27;[32muser get Response for &amp#27;[0m&amp#27;[32m&amp#27;[1m"EMPTY"&amp#27;[0m&amp#27;[32m Object Id&amp#27;[0m                    &amp#27;[90m# com.amused.testSteps.testStepDef.userInvokeTheGET_OBJECTAPI(java.lang.String)&amp#27;[0m
  &amp#27;[31mThen &amp#27;[0m&amp#27;[31mvalidate the status code is &amp#27;[0m&amp#27;[31m&amp#27;[1m400&amp#27;[0m                             &amp#27;[90m# com.amused.testSteps.testStepDef.validateTheStatusCodeIs(int)&amp#27;[0m
      &amp#27;[31mjava.lang.AssertionError: expected [400] but found [200]
	at org.testng.Assert.fail(Assert.java:110)
	at org.testng.Assert.failNotEquals(Assert.java:1577)
	at org.testng.Assert.assertEqualsImpl(Assert.java:149)
	at org.testng.Assert.assertEquals(Assert.java:131)
	at org.testng.Assert.assertEquals(Assert.java:1418)
	at org.testng.Assert.assertEquals(Assert.java:1382)
	at org.testng.Assert.assertEquals(Assert.java:1428)
	at com.amused.testSteps.testStepDef.validateTheStatusCodeIs(testStepDef.java:184)
	at âœ½.validate the status code is 400(file:///C:/Personal.work/qa-api-automation/src/test/resources/features/GetObjectAPI.feature:18)
&amp#27;[0m
  &amp#27;[36mAnd &amp#27;[0m&amp#27;[36mValidate the Error Response with &amp#27;[0m&amp#27;[36m&amp#27;[1m"Bad Request"&amp#27;[0m&amp#27;[36m error message&amp#27;[0m &amp#27;[90m# com.amused.testSteps.testStepDef.validateTheErrorResponse(java.lang.String)&amp#27;[0m
]]></system-out>
  </testcase>
  <testcase name="runScenario[&quot;Verify that the response is not vulnerable to common web application attacks&quot;, &quot;Optional[Retrieve Single Object GET API]&quot;](10)" classname="com.amused.runner.TestRunner" time="0.398">
    <failure message="1 expectation failed.&#10;Expected status code &lt;400&gt; but was &lt;405&gt;.&#10;" type="java.lang.AssertionError"><![CDATA[java.lang.AssertionError: 
1 expectation failed.
Expected status code <400> but was <405>.

]]></failure>
    <system-out><![CDATA[
@getObjectAPI @api
Scenario Outline: Verify that the response is not vulnerable to common web application attacks &amp#27;[90m# src/test/resources/features/GetObjectAPI.feature:30&amp#27;[0m
Request method:	GET
Request URI:	https://api.restful-api.dev/%2F%2Fobjects/7?7=%27%3B%20DROP%20TABLE%20users%3B%20--
Proxy:			<none>
Request params:	7='; DROP TABLE users; --
Query params:	<none>
Form params:	<none>
Path params:	<none>
Headers:		Accept=*/*
Cookies:		<none>
Multiparts:		<none>
Body:			<none>
HTTP/1.1 405 Method Not Allowed
Date: Wed, 10 May 2023 20:46:15 GMT
Content-Type: application/json
Transfer-Encoding: chunked
Connection: keep-alive
Vary: Origin
Vary: Access-Control-Request-Method
Vary: Access-Control-Request-Headers
CF-Cache-Status: DYNAMIC
Report-To: {"endpoints":[{"url":"https:\/\/a.nel.cloudflare.com\/report\/v3?s=USeusF9EnBx1gkkacCB%2BI%2BhGmhQ8et7K6QCSASgEyQDOJmx%2FYVJJO6RmBh227VVwPCPptesH9gE%2BI9bRIJa5grFJ8HgCwixhhJXQRkPyzt4ERb9O3biHEWp8eEUJuB2jyYHrboRT"}],"group":"cf-nel","max_age":604800}
NEL: {"success_fraction":0,"report_to":"cf-nel","max_age":604800}
Server: cloudflare
CF-RAY: 7c5507d07c12b2fa-CMB
alt-svc: h3=":443"; ma=86400, h3-29=":443"; ma=86400

{
    "error": "We are very sorry but you reached your limit of requests per day. Our current limit is equal to 100 requests per day. The reason for that is the fact that servers cost money and 200 requests per user per day is all that we can afford at the moment. Tomorrow the limit will reset and you will be able to continue. Thanks and have a good day!"
}
  &amp#27;[31mGiven &amp#27;[0m&amp#27;[31mCheck the &amp#27;[0m&amp#27;[31m&amp#27;[1m"SQL_INJECTION"&amp#27;[0m&amp#27;[31m for get Object API&amp#27;[0m                                           &amp#27;[90m# com.amused.testSteps.testStepDef.checkTheSQLInjectionForGetObjectAPI(java.lang.String)&amp#27;[0m
      &amp#27;[31mjava.lang.AssertionError: 1 expectation failed.
Expected status code <400> but was <405>.

	at java.base/jdk.internal.reflect.NativeConstructorAccessorImpl.newInstance0(Native Method)
	at java.base/jdk.internal.reflect.NativeConstructorAccessorImpl.newInstance(NativeConstructorAccessorImpl.java:62)
	at java.base/jdk.internal.reflect.DelegatingConstructorAccessorImpl.newInstance(DelegatingConstructorAccessorImpl.java:45)
	at java.base/java.lang.reflect.Constructor.newInstance(Constructor.java:490)
	at org.codehaus.groovy.reflection.CachedConstructor.invoke(CachedConstructor.java:73)
	at org.codehaus.groovy.reflection.CachedConstructor.doConstructorInvoke(CachedConstructor.java:60)
	at org.codehaus.groovy.runtime.callsite.ConstructorSite$ConstructorSiteNoUnwrap.callConstructor(ConstructorSite.java:86)
	at org.codehaus.groovy.runtime.callsite.CallSiteArray.defaultCallConstructor(CallSiteArray.java:57)
	at org.codehaus.groovy.runtime.callsite.AbstractCallSite.callConstructor(AbstractCallSite.java:263)
	at org.codehaus.groovy.runtime.callsite.AbstractCallSite.callConstructor(AbstractCallSite.java:277)
	at io.restassured.internal.ResponseSpecificationImpl$HamcrestAssertionClosure.validate(ResponseSpecificationImpl.groovy:512)
	at io.restassured.internal.ResponseSpecificationImpl$HamcrestAssertionClosure$validate$1.call(Unknown Source)
	at org.codehaus.groovy.runtime.callsite.CallSiteArray.defaultCall(CallSiteArray.java:45)
	at org.codehaus.groovy.runtime.callsite.AbstractCallSite.call(AbstractCallSite.java:125)
	at org.codehaus.groovy.runtime.callsite.AbstractCallSite.call(AbstractCallSite.java:139)
	at io.restassured.internal.ResponseSpecificationImpl.validateResponseIfRequired(ResponseSpecificationImpl.groovy:696)
	at io.restassured.internal.ResponseSpecificationImpl.this$2$validateResponseIfRequired(ResponseSpecificationImpl.groovy)
	at java.base/jdk.internal.reflect.NativeMethodAccessorImpl.invoke0(Native Method)
	at java.base/jdk.internal.reflect.NativeMethodAccessorImpl.invoke(NativeMethodAccessorImpl.java:62)
	at java.base/jdk.internal.reflect.DelegatingMethodAccessorImpl.invoke(DelegatingMethodAccessorImpl.java:43)
	at java.base/java.lang.reflect.Method.invoke(Method.java:566)
	at org.codehaus.groovy.runtime.callsite.PlainObjectMetaMethodSite.doInvoke(PlainObjectMetaMethodSite.java:43)
	at org.codehaus.groovy.runtime.callsite.PogoMetaMethodSite$PogoCachedMethodSiteNoUnwrapNoCoerce.invoke(PogoMetaMethodSite.java:198)
	at org.codehaus.groovy.runtime.callsite.PogoMetaMethodSite.callCurrent(PogoMetaMethodSite.java:62)
	at org.codehaus.groovy.runtime.callsite.CallSiteArray.defaultCallCurrent(CallSiteArray.java:49)
	at org.codehaus.groovy.runtime.callsite.AbstractCallSite.callCurrent(AbstractCallSite.java:171)
	at org.codehaus.groovy.runtime.callsite.AbstractCallSite.callCurrent(AbstractCallSite.java:185)
	at io.restassured.internal.ResponseSpecificationImpl.statusCode(ResponseSpecificationImpl.groovy:135)
	at io.restassured.specification.ResponseSpecification$statusCode$0.callCurrent(Unknown Source)
	at org.codehaus.groovy.runtime.callsite.CallSiteArray.defaultCallCurrent(CallSiteArray.java:49)
	at org.codehaus.groovy.runtime.callsite.AbstractCallSite.callCurrent(AbstractCallSite.java:171)
	at org.codehaus.groovy.runtime.callsite.AbstractCallSite.callCurrent(AbstractCallSite.java:185)
	at io.restassured.internal.ResponseSpecificationImpl.statusCode(ResponseSpecificationImpl.groovy:143)
	at io.restassured.internal.ValidatableResponseOptionsImpl.statusCode(ValidatableResponseOptionsImpl.java:89)
	at com.amused.testSteps.testStepDef.checkTheSQLInjectionForGetObjectAPI(testStepDef.java:313)
	at âœ½.Check the "SQL_INJECTION" for get Object API(file:///C:/Personal.work/qa-api-automation/src/test/resources/features/GetObjectAPI.feature:27)
&amp#27;[0m
]]></system-out>
  </testcase>
  <testcase name="runScenario[&quot;Verify that the response is not vulnerable to common web application attacks&quot;, &quot;Optional[Retrieve Single Object GET API]&quot;](11)" classname="com.amused.runner.TestRunner" time="0.285">
    <failure message="1 expectation failed.&#10;Expected status code &lt;400&gt; but was &lt;405&gt;.&#10;" type="java.lang.AssertionError"><![CDATA[java.lang.AssertionError: 
1 expectation failed.
Expected status code <400> but was <405>.

]]></failure>
    <system-out><![CDATA[
@getObjectAPI @api
Scenario Outline: Verify that the response is not vulnerable to common web application attacks &amp#27;[90m# src/test/resources/features/GetObjectAPI.feature:31&amp#27;[0m
Request method:	GET
Request URI:	https://api.restful-api.dev/%2F%2Fobjects/7?7=%3Cscript%3Ealert%28%27XSS%27%29%3B%3C%2Fscript%3E
Proxy:			<none>
Request params:	7=<script>alert('XSS');</script>
Query params:	<none>
Form params:	<none>
Path params:	<none>
Headers:		Accept=*/*
Cookies:		<none>
Multiparts:		<none>
Body:			<none>
HTTP/1.1 405 Method Not Allowed
Date: Wed, 10 May 2023 20:46:15 GMT
Content-Type: application/json
Transfer-Encoding: chunked
Connection: keep-alive
Vary: Origin
Vary: Access-Control-Request-Method
Vary: Access-Control-Request-Headers
CF-Cache-Status: DYNAMIC
Report-To: {"endpoints":[{"url":"https:\/\/a.nel.cloudflare.com\/report\/v3?s=X3K3qZAze35HG%2Bhyym1GWRWLBKn0uaS7kyqsliUVflElbez0aFHXSIdrSFaCpnRHThQwyDyd8bJ0CU4LWArEXJMW6oElZVCRfjGu1Hp6%2FUAZ8t%2B7Z8m0NR%2FQ9nDqPph%2FtR1fGmBR"}],"group":"cf-nel","max_age":604800}
NEL: {"success_fraction":0,"report_to":"cf-nel","max_age":604800}
Server: cloudflare
CF-RAY: 7c5507d2cee4b306-CMB
alt-svc: h3=":443"; ma=86400, h3-29=":443"; ma=86400

{
    "error": "We are very sorry but you reached your limit of requests per day. Our current limit is equal to 100 requests per day. The reason for that is the fact that servers cost money and 200 requests per user per day is all that we can afford at the moment. Tomorrow the limit will reset and you will be able to continue. Thanks and have a good day!"
}
  &amp#27;[31mGiven &amp#27;[0m&amp#27;[31mCheck the &amp#27;[0m&amp#27;[31m&amp#27;[1m"XSS"&amp#27;[0m&amp#27;[31m for get Object API&amp#27;[0m                                                     &amp#27;[90m# com.amused.testSteps.testStepDef.checkTheSQLInjectionForGetObjectAPI(java.lang.String)&amp#27;[0m
      &amp#27;[31mjava.lang.AssertionError: 1 expectation failed.
Expected status code <400> but was <405>.

	at java.base/jdk.internal.reflect.NativeConstructorAccessorImpl.newInstance0(Native Method)
	at java.base/jdk.internal.reflect.NativeConstructorAccessorImpl.newInstance(NativeConstructorAccessorImpl.java:62)
	at java.base/jdk.internal.reflect.DelegatingConstructorAccessorImpl.newInstance(DelegatingConstructorAccessorImpl.java:45)
	at java.base/java.lang.reflect.Constructor.newInstance(Constructor.java:490)
	at org.codehaus.groovy.reflection.CachedConstructor.invoke(CachedConstructor.java:73)
	at org.codehaus.groovy.reflection.CachedConstructor.doConstructorInvoke(CachedConstructor.java:60)
	at org.codehaus.groovy.runtime.callsite.ConstructorSite$ConstructorSiteNoUnwrap.callConstructor(ConstructorSite.java:86)
	at org.codehaus.groovy.runtime.callsite.AbstractCallSite.callConstructor(AbstractCallSite.java:277)
	at io.restassured.internal.ResponseSpecificationImpl$HamcrestAssertionClosure.validate(ResponseSpecificationImpl.groovy:512)
	at io.restassured.internal.ResponseSpecificationImpl$HamcrestAssertionClosure$validate$1.call(Unknown Source)
	at io.restassured.internal.ResponseSpecificationImpl.validateResponseIfRequired(ResponseSpecificationImpl.groovy:696)
	at io.restassured.internal.ResponseSpecificationImpl.this$2$validateResponseIfRequired(ResponseSpecificationImpl.groovy)
	at java.base/jdk.internal.reflect.NativeMethodAccessorImpl.invoke0(Native Method)
	at java.base/jdk.internal.reflect.NativeMethodAccessorImpl.invoke(NativeMethodAccessorImpl.java:62)
	at java.base/jdk.internal.reflect.DelegatingMethodAccessorImpl.invoke(DelegatingMethodAccessorImpl.java:43)
	at java.base/java.lang.reflect.Method.invoke(Method.java:566)
	at org.codehaus.groovy.runtime.callsite.PlainObjectMetaMethodSite.doInvoke(PlainObjectMetaMethodSite.java:43)
	at org.codehaus.groovy.runtime.callsite.PogoMetaMethodSite$PogoCachedMethodSiteNoUnwrapNoCoerce.invoke(PogoMetaMethodSite.java:198)
	at org.codehaus.groovy.runtime.callsite.PogoMetaMethodSite.callCurrent(PogoMetaMethodSite.java:62)
	at org.codehaus.groovy.runtime.callsite.AbstractCallSite.callCurrent(AbstractCallSite.java:185)
	at io.restassured.internal.ResponseSpecificationImpl.statusCode(ResponseSpecificationImpl.groovy:135)
	at io.restassured.specification.ResponseSpecification$statusCode$0.callCurrent(Unknown Source)
	at io.restassured.internal.ResponseSpecificationImpl.statusCode(ResponseSpecificationImpl.groovy:143)
	at io.restassured.internal.ValidatableResponseOptionsImpl.statusCode(ValidatableResponseOptionsImpl.java:89)
	at com.amused.testSteps.testStepDef.checkTheSQLInjectionForGetObjectAPI(testStepDef.java:321)
	at âœ½.Check the "XSS" for get Object API(file:///C:/Personal.work/qa-api-automation/src/test/resources/features/GetObjectAPI.feature:27)
&amp#27;[0m
]]></system-out>
  </testcase>
  <testcase name="runScenario[&quot;Verify that the response is not vulnerable to common web application attacks&quot;, &quot;Optional[Retrieve Single Object GET API]&quot;](12)" classname="com.amused.runner.TestRunner" time="0.29">
    <failure message="1 expectation failed.&#10;Expected status code &lt;403&gt; but was &lt;405&gt;.&#10;" type="java.lang.AssertionError"><![CDATA[java.lang.AssertionError: 
1 expectation failed.
Expected status code <403> but was <405>.

]]></failure>
    <system-out><![CDATA[
@getObjectAPI @api
Scenario Outline: Verify that the response is not vulnerable to common web application attacks &amp#27;[90m# src/test/resources/features/GetObjectAPI.feature:32&amp#27;[0m
  &amp#27;[31mGiven &amp#27;[0m&amp#27;[31mCheck the &amp#27;[0m&amp#27;[31m&amp#27;[1m"CSRF"&amp#27;[0m&amp#27;[31m for get Object API&amp#27;[0m                                                    &amp#27;[90m# com.amused.testSteps.testStepDef.checkTheSQLInjectionForGetObjectAPI(java.lang.String)&amp#27;[0m
      &amp#27;[31mjava.lang.AssertionError: 1 expectation failed.
Expected status code <403> but was <405>.

	at java.base/jdk.internal.reflect.NativeConstructorAccessorImpl.newInstance0(Native Method)
	at java.base/jdk.internal.reflect.NativeConstructorAccessorImpl.newInstance(NativeConstructorAccessorImpl.java:62)
	at java.base/jdk.internal.reflect.DelegatingConstructorAccessorImpl.newInstance(DelegatingConstructorAccessorImpl.java:45)
	at java.base/java.lang.reflect.Constructor.newInstance(Constructor.java:490)
	at org.codehaus.groovy.reflection.CachedConstructor.invoke(CachedConstructor.java:73)
	at org.codehaus.groovy.reflection.CachedConstructor.doConstructorInvoke(CachedConstructor.java:60)
	at org.codehaus.groovy.runtime.callsite.ConstructorSite$ConstructorSiteNoUnwrap.callConstructor(ConstructorSite.java:86)
	at org.codehaus.groovy.runtime.callsite.AbstractCallSite.callConstructor(AbstractCallSite.java:277)
	at io.restassured.internal.ResponseSpecificationImpl$HamcrestAssertionClosure.validate(ResponseSpecificationImpl.groovy:512)
	at io.restassured.internal.ResponseSpecificationImpl$HamcrestAssertionClosure$validate$1.call(Unknown Source)
	at io.restassured.internal.ResponseSpecificationImpl.validateResponseIfRequired(ResponseSpecificationImpl.groovy:696)
	at io.restassured.internal.ResponseSpecificationImpl.this$2$validateResponseIfRequired(ResponseSpecificationImpl.groovy)
	at java.base/jdk.internal.reflect.NativeMethodAccessorImpl.invoke0(Native Method)
	at java.base/jdk.internal.reflect.NativeMethodAccessorImpl.invoke(NativeMethodAccessorImpl.java:62)
	at java.base/jdk.internal.reflect.DelegatingMethodAccessorImpl.invoke(DelegatingMethodAccessorImpl.java:43)
	at java.base/java.lang.reflect.Method.invoke(Method.java:566)
	at org.codehaus.groovy.runtime.callsite.PlainObjectMetaMethodSite.doInvoke(PlainObjectMetaMethodSite.java:43)
	at org.codehaus.groovy.runtime.callsite.PogoMetaMethodSite$PogoCachedMethodSiteNoUnwrapNoCoerce.invoke(PogoMetaMethodSite.java:198)
	at org.codehaus.groovy.runtime.callsite.PogoMetaMethodSite.callCurrent(PogoMetaMethodSite.java:62)
	at org.codehaus.groovy.runtime.callsite.AbstractCallSite.callCurrent(AbstractCallSite.java:185)
	at io.restassured.internal.ResponseSpecificationImpl.statusCode(ResponseSpecificationImpl.groovy:135)
	at io.restassured.specification.ResponseSpecification$statusCode$0.callCurrent(Unknown Source)
	at io.restassured.internal.ResponseSpecificationImpl.statusCode(ResponseSpecificationImpl.groovy:143)
	at io.restassured.internal.ValidatableResponseOptionsImpl.statusCode(ValidatableResponseOptionsImpl.java:89)
	at com.amused.testSteps.testStepDef.checkTheSQLInjectionForGetObjectAPI(testStepDef.java:330)
	at âœ½.Check the "CSRF" for get Object API(file:///C:/Personal.work/qa-api-automation/src/test/resources/features/GetObjectAPI.feature:27)
&amp#27;[0m
]]></system-out>
  </testcase>
  <testcase name="runScenario[&quot;Verifying User ADD Object&quot;, &quot;Optional[End to End API Workflow (Add, Get , Update , Patch and Delete)]&quot;](13)" classname="com.amused.runner.TestRunner" time="0.254">
    <failure message="userInvokeTheAddObjectAPI Step is failed due to exception of java.lang.NullPointerException" type="java.lang.AssertionError"><![CDATA[java.lang.AssertionError: userInvokeTheAddObjectAPI Step is failed due to exception of java.lang.NullPointerException
]]></failure>
    <system-out><![CDATA[
@e2e @api
Scenario: Verifying User ADD Object                                    &amp#27;[90m# src/test/resources/features/e2eworkflow.feature:5&amp#27;[0m
  &amp#27;[32mGiven &amp#27;[0m&amp#27;[32mUser set &amp#27;[0m&amp#27;[32m&amp#27;[1m"name"&amp#27;[0m&amp#27;[32m as the &amp#27;[0m&amp#27;[32m&amp#27;[1mApple Iphone 16&amp#27;[0m&amp#27;[32m to Object&amp#27;[0m               &amp#27;[90m# com.amused.testSteps.testStepDef.userAddAsTheToObject(java.lang.String,java.lang.String)&amp#27;[0m
  &amp#27;[32mAnd &amp#27;[0m&amp#27;[32mUser set &amp#27;[0m&amp#27;[32m&amp#27;[1m"Year"&amp#27;[0m&amp#27;[32m as the &amp#27;[0m&amp#27;[32m&amp#27;[1m2029&amp#27;[0m&amp#27;[32m to Data Object&amp#27;[0m                       &amp#27;[90m# com.amused.testSteps.testStepDef.userAddAsTheToDataObject(java.lang.String,java.lang.String)&amp#27;[0m
  &amp#27;[32mAnd &amp#27;[0m&amp#27;[32mUser set &amp#27;[0m&amp#27;[32m&amp#27;[1m"CPU model"&amp#27;[0m&amp#27;[32m as the &amp#27;[0m&amp#27;[32m&amp#27;[1mM12CHIP&amp#27;[0m&amp#27;[32m to Data Object&amp#27;[0m               &amp#27;[90m# com.amused.testSteps.testStepDef.userAddAsTheToDataObject(java.lang.String,java.lang.String)&amp#27;[0m
  &amp#27;[32mAnd &amp#27;[0m&amp#27;[32mUser set &amp#27;[0m&amp#27;[32m&amp#27;[1m"Price"&amp#27;[0m&amp#27;[32m as the &amp#27;[0m&amp#27;[32m&amp#27;[1m2000.89&amp#27;[0m&amp#27;[32m to Data Object&amp#27;[0m                   &amp#27;[90m# com.amused.testSteps.testStepDef.userAddAsTheToDataObject(java.lang.String,java.lang.String)&amp#27;[0m
2023-05-11 02:16:14.101 [main] INFO  com.amused.testSteps.testStepDef - Prepared Json Object >> {"data":{"Year":"2029","Price":"2000.89","CPU model":"M12CHIP"},"name":"Apple Iphone 16"}
Request method:	POST
Request URI:	https://api.restful-api.dev/objects
Proxy:			<none>
Request params:	<none>
Query params:	<none>
Form params:	<none>
Path params:	<none>
Headers:		Accept=*/*
				Content-Type=application/json
Cookies:		<none>
Multiparts:		<none>
Body:
{
    "data": {
        "Year": "2029",
        "Price": "2000.89",
        "CPU model": "M12CHIP"
    },
    "name": "Apple Iphone 16"
}
HTTP/1.1 405 Method Not Allowed
Date: Wed, 10 May 2023 20:46:16 GMT
Content-Type: application/json
Transfer-Encoding: chunked
Connection: keep-alive
Vary: Origin
Vary: Access-Control-Request-Method
Vary: Access-Control-Request-Headers
CF-Cache-Status: DYNAMIC
Report-To: {"endpoints":[{"url":"https:\/\/a.nel.cloudflare.com\/report\/v3?s=A%2Bg1K%2BuzGIk2rFE6aVUB5dmDRmrJxELggXlIJc4kawdySoOM7Dhz%2FDOFS0yK1AJvjmByaVevkJ8ZyAAJMu7Tq7MWrBGeC7DA9%2BgcAyKG6Mvd93mC9y85nMzTeH9KPVD7yuSNkOkQ"}],"group":"cf-nel","max_age":604800}
NEL: {"success_fraction":0,"report_to":"cf-nel","max_age":604800}
Server: cloudflare
CF-RAY: 7c5507d648594ccd-CMB
alt-svc: h3=":443"; ma=86400, h3-29=":443"; ma=86400

{
    "error": "We are very sorry but you reached your limit of requests per day. Our current limit is equal to 100 requests per day. The reason for that is the fact that servers cost money and 200 requests per user per day is all that we can afford at the moment. Tomorrow the limit will reset and you will be able to continue. Thanks and have a good day!"
}
2023-05-11 02:16:14.328 [main] INFO  com.amused.utils.RestUtils - API service is :addObject and response code is :405
  &amp#27;[31mGiven &amp#27;[0m&amp#27;[31muser add the Object using api Request&amp#27;[0m                          &amp#27;[90m# com.amused.testSteps.testStepDef.userInvokeTheAddObjectAPI()&amp#27;[0m
      &amp#27;[31mjava.lang.AssertionError: userInvokeTheAddObjectAPI Step is failed due to exception of java.lang.NullPointerException
	at org.testng.Assert.fail(Assert.java:110)
	at com.amused.testSteps.testStepDef.userInvokeTheAddObjectAPI(testStepDef.java:79)
	at âœ½.user add the Object using api Request(file:///C:/Personal.work/qa-api-automation/src/test/resources/features/e2eworkflow.feature:10)
&amp#27;[0m
  &amp#27;[36mThen &amp#27;[0m&amp#27;[36mvalidate the status code is &amp#27;[0m&amp#27;[36m&amp#27;[1m200&amp#27;[0m                                 &amp#27;[90m# com.amused.testSteps.testStepDef.validateTheStatusCodeIs(int)&amp#27;[0m
  &amp#27;[36mThen &amp#27;[0m&amp#27;[36mverify the Response with &amp#27;[0m&amp#27;[36m&amp#27;[1m"name"&amp#27;[0m&amp#27;[36m as &amp#27;[0m&amp#27;[36m&amp#27;[1m"Apple Iphone 16"&amp#27;[0m&amp#27;[36m in Object&amp#27;[0m  &amp#27;[90m# com.amused.testSteps.testStepDef.verifyTheResponseWithAsInObject(java.lang.String,java.lang.String)&amp#27;[0m
  &amp#27;[36mAnd &amp#27;[0m&amp#27;[36mverify the Response with &amp#27;[0m&amp#27;[36m&amp#27;[1m"Year"&amp#27;[0m&amp#27;[36m as &amp#27;[0m&amp#27;[36m&amp#27;[1m"2029"&amp#27;[0m&amp#27;[36m in Data Object&amp#27;[0m         &amp#27;[90m# com.amused.testSteps.testStepDef.verifyTheResponseWithAsInDataObject(java.lang.String,java.lang.String)&amp#27;[0m
  &amp#27;[36mAnd &amp#27;[0m&amp#27;[36mverify the Response with &amp#27;[0m&amp#27;[36m&amp#27;[1m"Price"&amp#27;[0m&amp#27;[36m as &amp#27;[0m&amp#27;[36m&amp#27;[1m"2000.89"&amp#27;[0m&amp#27;[36m in Data Object&amp#27;[0m     &amp#27;[90m# com.amused.testSteps.testStepDef.verifyTheResponseWithAsInDataObject(java.lang.String,java.lang.String)&amp#27;[0m
  &amp#27;[36mAnd &amp#27;[0m&amp#27;[36mverify the Response with &amp#27;[0m&amp#27;[36m&amp#27;[1m"CPU model"&amp#27;[0m&amp#27;[36m as &amp#27;[0m&amp#27;[36m&amp#27;[1m"M12CHIP"&amp#27;[0m&amp#27;[36m in Data Object&amp#27;[0m &amp#27;[90m# com.amused.testSteps.testStepDef.verifyTheResponseWithAsInDataObject(java.lang.String,java.lang.String)&amp#27;[0m
]]></system-out>
  </testcase>
  <testcase name="runScenario[&quot;Verifying Added Object is returned in Get Object API&quot;, &quot;Optional[End to End API Workflow (Add, Get , Update , Patch and Delete)]&quot;](14)" classname="com.amused.runner.TestRunner" time="0.268">
    <failure message="expected [200] but found [405]" type="java.lang.AssertionError"><![CDATA[java.lang.AssertionError: expected [200] but found [405]
]]></failure>
    <system-out><![CDATA[
@e2e @api
Scenario: Verifying Added Object is returned in Get Object API         &amp#27;[90m# src/test/resources/features/e2eworkflow.feature:17&amp#27;[0m
Request method:	GET
Request URI:	https://api.restful-api.dev/objects/null
Proxy:			<none>
Request params:	<none>
Query params:	<none>
Form params:	<none>
Path params:	<none>
Headers:		Accept=*/*
Cookies:		<none>
Multiparts:		<none>
Body:			<none>
HTTP/1.1 405 Method Not Allowed
Date: Wed, 10 May 2023 20:46:16 GMT
Content-Type: application/json
Transfer-Encoding: chunked
Connection: keep-alive
Vary: Origin
Vary: Access-Control-Request-Method
Vary: Access-Control-Request-Headers
CF-Cache-Status: DYNAMIC
Report-To: {"endpoints":[{"url":"https:\/\/a.nel.cloudflare.com\/report\/v3?s=og%2FzWsuwSudQuWUgFZVrccjxnG7WnCsBFcvIiHkAAmXI8hVXBrKSL50dBZXQyfrLhezqigodFtWMcYPfHVyoemsyBOs6Xu%2FwXM%2F3RVZxLQeAuB%2BcccdjKSz%2Bhy%2FktftRNndbMtUd"}],"group":"cf-nel","max_age":604800}
NEL: {"success_fraction":0,"report_to":"cf-nel","max_age":604800}
Server: cloudflare
CF-RAY: 7c5507d7ee74b2ff-CMB
alt-svc: h3=":443"; ma=86400, h3-29=":443"; ma=86400

{
    "error": "We are very sorry but you reached your limit of requests per day. Our current limit is equal to 100 requests per day. The reason for that is the fact that servers cost money and 200 requests per user per day is all that we can afford at the moment. Tomorrow the limit will reset and you will be able to continue. Thanks and have a good day!"
}
2023-05-11 02:16:14.605 [main] INFO  com.amused.utils.RestUtils - API service is :getObjectForGivenId and response code is :405
  &amp#27;[32mGiven &amp#27;[0m&amp#27;[32muser get Response for &amp#27;[0m&amp#27;[32m&amp#27;[1m"ABOVE"&amp#27;[0m&amp#27;[32m Object Id&amp#27;[0m                        &amp#27;[90m# com.amused.testSteps.testStepDef.userInvokeTheGET_OBJECTAPI(java.lang.String)&amp#27;[0m
  &amp#27;[31mThen &amp#27;[0m&amp#27;[31mvalidate the status code is &amp#27;[0m&amp#27;[31m&amp#27;[1m200&amp#27;[0m                                 &amp#27;[90m# com.amused.testSteps.testStepDef.validateTheStatusCodeIs(int)&amp#27;[0m
      &amp#27;[31mjava.lang.AssertionError: expected [200] but found [405]
	at org.testng.Assert.fail(Assert.java:110)
	at org.testng.Assert.failNotEquals(Assert.java:1577)
	at org.testng.Assert.assertEqualsImpl(Assert.java:149)
	at org.testng.Assert.assertEquals(Assert.java:131)
	at org.testng.Assert.assertEquals(Assert.java:1418)
	at org.testng.Assert.assertEquals(Assert.java:1382)
	at org.testng.Assert.assertEquals(Assert.java:1428)
	at com.amused.testSteps.testStepDef.validateTheStatusCodeIs(testStepDef.java:184)
	at âœ½.validate the status code is 200(file:///C:/Personal.work/qa-api-automation/src/test/resources/features/e2eworkflow.feature:19)
&amp#27;[0m
  &amp#27;[36mThen &amp#27;[0m&amp#27;[36mverify the Response with &amp#27;[0m&amp#27;[36m&amp#27;[1m"name"&amp#27;[0m&amp#27;[36m as &amp#27;[0m&amp#27;[36m&amp#27;[1m"Apple Iphone 16"&amp#27;[0m&amp#27;[36m in Object&amp#27;[0m  &amp#27;[90m# com.amused.testSteps.testStepDef.verifyTheResponseWithAsInObject(java.lang.String,java.lang.String)&amp#27;[0m
  &amp#27;[36mAnd &amp#27;[0m&amp#27;[36mverify the Response with &amp#27;[0m&amp#27;[36m&amp#27;[1m"Year"&amp#27;[0m&amp#27;[36m as &amp#27;[0m&amp#27;[36m&amp#27;[1m"2029"&amp#27;[0m&amp#27;[36m in Data Object&amp#27;[0m         &amp#27;[90m# com.amused.testSteps.testStepDef.verifyTheResponseWithAsInDataObject(java.lang.String,java.lang.String)&amp#27;[0m
  &amp#27;[36mAnd &amp#27;[0m&amp#27;[36mverify the Response with &amp#27;[0m&amp#27;[36m&amp#27;[1m"Price"&amp#27;[0m&amp#27;[36m as &amp#27;[0m&amp#27;[36m&amp#27;[1m"2000.89"&amp#27;[0m&amp#27;[36m in Data Object&amp#27;[0m     &amp#27;[90m# com.amused.testSteps.testStepDef.verifyTheResponseWithAsInDataObject(java.lang.String,java.lang.String)&amp#27;[0m
  &amp#27;[36mAnd &amp#27;[0m&amp#27;[36mverify the Response with &amp#27;[0m&amp#27;[36m&amp#27;[1m"CPU model"&amp#27;[0m&amp#27;[36m as &amp#27;[0m&amp#27;[36m&amp#27;[1m"M12CHIP"&amp#27;[0m&amp#27;[36m in Data Object&amp#27;[0m &amp#27;[90m# com.amused.testSteps.testStepDef.verifyTheResponseWithAsInDataObject(java.lang.String,java.lang.String)&amp#27;[0m
]]></system-out>
  </testcase>
  <testcase name="runScenario[&quot;Verifying the User Update the Already created Object&quot;, &quot;Optional[End to End API Workflow (Add, Get , Update , Patch and Delete)]&quot;](15)" classname="com.amused.runner.TestRunner" time="0.339">
    <failure message="setNameToObject Step is failed due to exception of java.lang.NullPointerException" type="java.lang.AssertionError"><![CDATA[java.lang.AssertionError: setNameToObject Step is failed due to exception of java.lang.NullPointerException
]]></failure>
    <system-out><![CDATA[
@e2e @api
Scenario: Verifying the User Update the Already created Object           &amp#27;[90m# src/test/resources/features/e2eworkflow.feature:25&amp#27;[0m
  &amp#27;[32mGiven &amp#27;[0m&amp#27;[32mUser set &amp#27;[0m&amp#27;[32m&amp#27;[1m"name"&amp#27;[0m&amp#27;[32m as the &amp#27;[0m&amp#27;[32m&amp#27;[1mApple Iphone 17&amp#27;[0m&amp#27;[32m to Object&amp#27;[0m                 &amp#27;[90m# com.amused.testSteps.testStepDef.userAddAsTheToObject(java.lang.String,java.lang.String)&amp#27;[0m
  &amp#27;[32mAnd &amp#27;[0m&amp#27;[32mUser set &amp#27;[0m&amp#27;[32m&amp#27;[1m"Year"&amp#27;[0m&amp#27;[32m as the &amp#27;[0m&amp#27;[32m&amp#27;[1m2028&amp#27;[0m&amp#27;[32m to Data Object&amp#27;[0m                         &amp#27;[90m# com.amused.testSteps.testStepDef.userAddAsTheToDataObject(java.lang.String,java.lang.String)&amp#27;[0m
  &amp#27;[32mAnd &amp#27;[0m&amp#27;[32mUser set &amp#27;[0m&amp#27;[32m&amp#27;[1m"CPU model"&amp#27;[0m&amp#27;[32m as the &amp#27;[0m&amp#27;[32m&amp#27;[1mM12CHIe&amp#27;[0m&amp#27;[32m to Data Object&amp#27;[0m                 &amp#27;[90m# com.amused.testSteps.testStepDef.userAddAsTheToDataObject(java.lang.String,java.lang.String)&amp#27;[0m
  &amp#27;[32mAnd &amp#27;[0m&amp#27;[32mUser set &amp#27;[0m&amp#27;[32m&amp#27;[1m"Price"&amp#27;[0m&amp#27;[32m as the &amp#27;[0m&amp#27;[32m&amp#27;[1m2000.89&amp#27;[0m&amp#27;[32m to Data Object&amp#27;[0m                     &amp#27;[90m# com.amused.testSteps.testStepDef.userAddAsTheToDataObject(java.lang.String,java.lang.String)&amp#27;[0m
  &amp#27;[32mAnd &amp#27;[0m&amp#27;[32mUser set &amp#27;[0m&amp#27;[32m&amp#27;[1m"color"&amp#27;[0m&amp#27;[32m as the &amp#27;[0m&amp#27;[32m&amp#27;[1mBLUE&amp#27;[0m&amp#27;[32m to Data Object&amp#27;[0m                        &amp#27;[90m# com.amused.testSteps.testStepDef.userAddAsTheToDataObject(java.lang.String,java.lang.String)&amp#27;[0m
2023-05-11 02:16:14.631 [main] INFO  com.amused.testSteps.testStepDef - Prepared Json Object >> {"data":{"Year":"2028","color":"BLUE","Price":"2000.89","CPU model":"M12CHIe"},"name":"Apple Iphone 17"}
Request method:	PUT
Request URI:	https://api.restful-api.dev/objects/null
Proxy:			<none>
Request params:	<none>
Query params:	<none>
Form params:	<none>
Path params:	<none>
Headers:		Accept=*/*
				Content-Type=application/json
Cookies:		<none>
Multiparts:		<none>
Body:
{
    "data": {
        "Year": "2028",
        "color": "BLUE",
        "Price": "2000.89",
        "CPU model": "M12CHIe"
    },
    "name": "Apple Iphone 17"
}
HTTP/1.1 405 Method Not Allowed
Date: Wed, 10 May 2023 20:46:16 GMT
Content-Type: application/json
Transfer-Encoding: chunked
Connection: keep-alive
Vary: Origin
Vary: Access-Control-Request-Method
Vary: Access-Control-Request-Headers
CF-Cache-Status: DYNAMIC
Report-To: {"endpoints":[{"url":"https:\/\/a.nel.cloudflare.com\/report\/v3?s=dVnravhsZTsGDrLzdjMDyYcvOpdcj3oedqYpwttH32VhOWulKSSphOFOaHovBAoXI0S6zYSj7nCpT%2FPw%2Fhbbp7M5qotRHmFYqEe62mSgGIXZF2zkh0pelVikSO6jJBPX9eAQCmv2"}],"group":"cf-nel","max_age":604800}
NEL: {"success_fraction":0,"report_to":"cf-nel","max_age":604800}
Server: cloudflare
CF-RAY: 7c5507d9ae39b305-CMB
alt-svc: h3=":443"; ma=86400, h3-29=":443"; ma=86400

{
    "error": "We are very sorry but you reached your limit of requests per day. Our current limit is equal to 100 requests per day. The reason for that is the fact that servers cost money and 200 requests per user per day is all that we can afford at the moment. Tomorrow the limit will reset and you will be able to continue. Thanks and have a good day!"
}
2023-05-11 02:16:14.886 [main] INFO  com.amused.utils.RestUtils - API service is :updateObject and response code is :405
  &amp#27;[31mGiven &amp#27;[0m&amp#27;[31muser update the &amp#27;[0m&amp#27;[31m&amp#27;[1m"ABOVE"&amp#27;[0m&amp#27;[31m Object using api Request&amp#27;[0m                 &amp#27;[90m# com.amused.testSteps.testStepDef.userInvokeTheUpdateObjectAPI(java.lang.String)&amp#27;[0m
      &amp#27;[31mjava.lang.AssertionError: setNameToObject Step is failed due to exception of java.lang.NullPointerException
	at org.testng.Assert.fail(Assert.java:110)
	at com.amused.testSteps.testStepDef.userInvokeTheUpdateObjectAPI(testStepDef.java:144)
	at âœ½.user update the "ABOVE" Object using api Request(file:///C:/Personal.work/qa-api-automation/src/test/resources/features/e2eworkflow.feature:31)
&amp#27;[0m
  &amp#27;[36mThen &amp#27;[0m&amp#27;[36mvalidate the status code is &amp#27;[0m&amp#27;[36m&amp#27;[1m200&amp#27;[0m                                   &amp#27;[90m# com.amused.testSteps.testStepDef.validateTheStatusCodeIs(int)&amp#27;[0m
  &amp#27;[36mThen &amp#27;[0m&amp#27;[36mvalidate &amp#27;[0m&amp#27;[36m&amp#27;[1m"ABOVE"&amp#27;[0m&amp#27;[36m object ID is not Changed after the Update Object&amp#27;[0m &amp#27;[90m# com.amused.testSteps.testStepDef.validateObjectIDIsNotChangedAfterTheUpdateObject(java.lang.String)&amp#27;[0m
  &amp#27;[36mThen &amp#27;[0m&amp#27;[36mverify the Response with &amp#27;[0m&amp#27;[36m&amp#27;[1m"name"&amp#27;[0m&amp#27;[36m as &amp#27;[0m&amp#27;[36m&amp#27;[1m"Apple Iphone 17"&amp#27;[0m&amp#27;[36m in Object&amp#27;[0m    &amp#27;[90m# com.amused.testSteps.testStepDef.verifyTheResponseWithAsInObject(java.lang.String,java.lang.String)&amp#27;[0m
  &amp#27;[36mAnd &amp#27;[0m&amp#27;[36mverify the Response with &amp#27;[0m&amp#27;[36m&amp#27;[1m"Year"&amp#27;[0m&amp#27;[36m as &amp#27;[0m&amp#27;[36m&amp#27;[1m"2028"&amp#27;[0m&amp#27;[36m in Data Object&amp#27;[0m           &amp#27;[90m# com.amused.testSteps.testStepDef.verifyTheResponseWithAsInDataObject(java.lang.String,java.lang.String)&amp#27;[0m
  &amp#27;[36mAnd &amp#27;[0m&amp#27;[36mverify the Response with &amp#27;[0m&amp#27;[36m&amp#27;[1m"Price"&amp#27;[0m&amp#27;[36m as &amp#27;[0m&amp#27;[36m&amp#27;[1m"2000.89"&amp#27;[0m&amp#27;[36m in Data Object&amp#27;[0m       &amp#27;[90m# com.amused.testSteps.testStepDef.verifyTheResponseWithAsInDataObject(java.lang.String,java.lang.String)&amp#27;[0m
  &amp#27;[36mAnd &amp#27;[0m&amp#27;[36mverify the Response with &amp#27;[0m&amp#27;[36m&amp#27;[1m"CPU model"&amp#27;[0m&amp#27;[36m as &amp#27;[0m&amp#27;[36m&amp#27;[1m"M12CHIe"&amp#27;[0m&amp#27;[36m in Data Object&amp#27;[0m   &amp#27;[90m# com.amused.testSteps.testStepDef.verifyTheResponseWithAsInDataObject(java.lang.String,java.lang.String)&amp#27;[0m
  &amp#27;[36mAnd &amp#27;[0m&amp#27;[36mverify the Response with &amp#27;[0m&amp#27;[36m&amp#27;[1m"color"&amp#27;[0m&amp#27;[36m as &amp#27;[0m&amp#27;[36m&amp#27;[1m"BLUE"&amp#27;[0m&amp#27;[36m in Data Object&amp#27;[0m          &amp#27;[90m# com.amused.testSteps.testStepDef.verifyTheResponseWithAsInDataObject(java.lang.String,java.lang.String)&amp#27;[0m
]]></system-out>
  </testcase>
  <testcase name="runScenario[&quot;Verifying the User partially Update the already created Object&quot;, &quot;Optional[End to End API Workflow (Add, Get , Update , Patch and Delete)]&quot;](16)" classname="com.amused.runner.TestRunner" time="0.388">
    <failure message="setNameToObject Step is failed due to exception of java.lang.NullPointerException" type="java.lang.AssertionError"><![CDATA[java.lang.AssertionError: setNameToObject Step is failed due to exception of java.lang.NullPointerException
]]></failure>
    <system-out><![CDATA[
@e2e @api
Scenario: Verifying the User partially Update the already created Object &amp#27;[90m# src/test/resources/features/e2eworkflow.feature:40&amp#27;[0m
  &amp#27;[32mGiven &amp#27;[0m&amp#27;[32mUser set &amp#27;[0m&amp#27;[32m&amp#27;[1m"name"&amp#27;[0m&amp#27;[32m as the &amp#27;[0m&amp#27;[32m&amp#27;[1mApple Iphone 19&amp#27;[0m&amp#27;[32m to Object&amp#27;[0m                 &amp#27;[90m# com.amused.testSteps.testStepDef.userAddAsTheToObject(java.lang.String,java.lang.String)&amp#27;[0m
2023-05-11 02:16:14.908 [main] INFO  com.amused.testSteps.testStepDef - Prepared Json Object >> {"name":"Apple Iphone 19"}
Request method:	PATCH
Request URI:	https://api.restful-api.dev/objects/null
Proxy:			<none>
Request params:	<none>
Query params:	<none>
Form params:	<none>
Path params:	<none>
Headers:		Accept=*/*
				Content-Type=application/json
Cookies:		<none>
Multiparts:		<none>
Body:
{
    "name": "Apple Iphone 19"
}
HTTP/1.1 405 Method Not Allowed
Date: Wed, 10 May 2023 20:46:17 GMT
Content-Type: application/json
Transfer-Encoding: chunked
Connection: keep-alive
Vary: Origin
Vary: Access-Control-Request-Method
Vary: Access-Control-Request-Headers
CF-Cache-Status: DYNAMIC
Report-To: {"endpoints":[{"url":"https:\/\/a.nel.cloudflare.com\/report\/v3?s=zNMTuWFfhZZvueXPmgT939V5vO%2BK2U3LY5ltegraThT4jmmw0Fygu59yLJcGjlMA6tFDoSvcAUOuIgpeAplW%2Fy6sGc%2FG9wJ2Ob%2Fy7Cm8lqtDGbSc1GKOgDsfyRzRd0ZT2VtJw2J2"}],"group":"cf-nel","max_age":604800}
NEL: {"success_fraction":0,"report_to":"cf-nel","max_age":604800}
Server: cloudflare
CF-RAY: 7c5507db889a4cb5-CMB
alt-svc: h3=":443"; ma=86400, h3-29=":443"; ma=86400

{
    "error": "We are very sorry but you reached your limit of requests per day. Our current limit is equal to 100 requests per day. The reason for that is the fact that servers cost money and 200 requests per user per day is all that we can afford at the moment. Tomorrow the limit will reset and you will be able to continue. Thanks and have a good day!"
}
2023-05-11 02:16:15.326 [main] INFO  com.amused.utils.RestUtils - API service is :updatePartiallyObject and response code is :405
  &amp#27;[31mGiven &amp#27;[0m&amp#27;[31muser partially update the &amp#27;[0m&amp#27;[31m&amp#27;[1m"ABOVE"&amp#27;[0m&amp#27;[31m Object using api Request&amp#27;[0m       &amp#27;[90m# com.amused.testSteps.testStepDef.userInvokeTheUpdatePartiallyAPI(java.lang.String)&amp#27;[0m
      &amp#27;[31mjava.lang.AssertionError: setNameToObject Step is failed due to exception of java.lang.NullPointerException
	at org.testng.Assert.fail(Assert.java:110)
	at com.amused.testSteps.testStepDef.userInvokeTheUpdatePartiallyAPI(testStepDef.java:176)
	at âœ½.user partially update the "ABOVE" Object using api Request(file:///C:/Personal.work/qa-api-automation/src/test/resources/features/e2eworkflow.feature:42)
&amp#27;[0m
  &amp#27;[36mThen &amp#27;[0m&amp#27;[36mvalidate &amp#27;[0m&amp#27;[36m&amp#27;[1m"ABOVE"&amp#27;[0m&amp#27;[36m object ID is not Changed after the Update Object&amp#27;[0m &amp#27;[90m# com.amused.testSteps.testStepDef.validateObjectIDIsNotChangedAfterTheUpdateObject(java.lang.String)&amp#27;[0m
  &amp#27;[36mThen &amp#27;[0m&amp#27;[36mverify the Response with &amp#27;[0m&amp#27;[36m&amp#27;[1m"name"&amp#27;[0m&amp#27;[36m as &amp#27;[0m&amp#27;[36m&amp#27;[1m"Apple Iphone 19"&amp#27;[0m&amp#27;[36m in Object&amp#27;[0m    &amp#27;[90m# com.amused.testSteps.testStepDef.verifyTheResponseWithAsInObject(java.lang.String,java.lang.String)&amp#27;[0m
  &amp#27;[36mAnd &amp#27;[0m&amp#27;[36mverify the Response with &amp#27;[0m&amp#27;[36m&amp#27;[1m"Year"&amp#27;[0m&amp#27;[36m as &amp#27;[0m&amp#27;[36m&amp#27;[1m"2028"&amp#27;[0m&amp#27;[36m in Data Object&amp#27;[0m           &amp#27;[90m# com.amused.testSteps.testStepDef.verifyTheResponseWithAsInDataObject(java.lang.String,java.lang.String)&amp#27;[0m
  &amp#27;[36mAnd &amp#27;[0m&amp#27;[36mverify the Response with &amp#27;[0m&amp#27;[36m&amp#27;[1m"Price"&amp#27;[0m&amp#27;[36m as &amp#27;[0m&amp#27;[36m&amp#27;[1m"2000.89"&amp#27;[0m&amp#27;[36m in Data Object&amp#27;[0m       &amp#27;[90m# com.amused.testSteps.testStepDef.verifyTheResponseWithAsInDataObject(java.lang.String,java.lang.String)&amp#27;[0m
  &amp#27;[36mAnd &amp#27;[0m&amp#27;[36mverify the Response with &amp#27;[0m&amp#27;[36m&amp#27;[1m"CPU model"&amp#27;[0m&amp#27;[36m as &amp#27;[0m&amp#27;[36m&amp#27;[1m"M12CHIe"&amp#27;[0m&amp#27;[36m in Data Object&amp#27;[0m   &amp#27;[90m# com.amused.testSteps.testStepDef.verifyTheResponseWithAsInDataObject(java.lang.String,java.lang.String)&amp#27;[0m
]]></system-out>
  </testcase>
  <testcase name="runScenario[&quot;Verifying the User DELETE the already created Object&quot;, &quot;Optional[End to End API Workflow (Add, Get , Update , Patch and Delete)]&quot;](17)" classname="com.amused.runner.TestRunner" time="0.273">
    <failure message="expected [200] but found [405]" type="java.lang.AssertionError"><![CDATA[java.lang.AssertionError: expected [200] but found [405]
]]></failure>
    <system-out><![CDATA[
@e2e @api
Scenario: Verifying the User DELETE the already created Object                                          &amp#27;[90m# src/test/resources/features/e2eworkflow.feature:49&amp#27;[0m
Request method:	DELETE
Request URI:	https://api.restful-api.dev/objects/null
Proxy:			<none>
Request params:	<none>
Query params:	<none>
Form params:	<none>
Path params:	<none>
Headers:		Accept=*/*
Cookies:		<none>
Multiparts:		<none>
Body:			<none>
HTTP/1.1 405 Method Not Allowed
Date: Wed, 10 May 2023 20:46:17 GMT
Content-Type: application/json
Transfer-Encoding: chunked
Connection: keep-alive
Vary: Origin
Vary: Access-Control-Request-Method
Vary: Access-Control-Request-Headers
CF-Cache-Status: DYNAMIC
Report-To: {"endpoints":[{"url":"https:\/\/a.nel.cloudflare.com\/report\/v3?s=KIairBjKCLvYFVLFN90QOHhGmA9J2wKdNzbe54gHT4sazYb26Ra0mpxvtzFeDDeuNKRIU1S9ZkEIpLThdxzVdQadZL1GfXxj7tdgmy8zMvd6bcqNdZ1Aavw%2BTEm6AhGzwF8Xvp22"}],"group":"cf-nel","max_age":604800}
NEL: {"success_fraction":0,"report_to":"cf-nel","max_age":604800}
Server: cloudflare
CF-RAY: 7c5507de1f86b305-CMB
alt-svc: h3=":443"; ma=86400, h3-29=":443"; ma=86400

{
    "error": "We are very sorry but you reached your limit of requests per day. Our current limit is equal to 100 requests per day. The reason for that is the fact that servers cost money and 200 requests per user per day is all that we can afford at the moment. Tomorrow the limit will reset and you will be able to continue. Thanks and have a good day!"
}
2023-05-11 02:16:15.581 [main] INFO  com.amused.utils.RestUtils - API service is :deleteObject and response code is :405
  &amp#27;[32mGiven &amp#27;[0m&amp#27;[32muser delete the &amp#27;[0m&amp#27;[32m&amp#27;[1m"ABOVE"&amp#27;[0m&amp#27;[32m Object using api Request&amp#27;[0m                                                &amp#27;[90m# com.amused.testSteps.testStepDef.userDeleteTheObjectUsingApiRequest(java.lang.String)&amp#27;[0m
  &amp#27;[31mThen &amp#27;[0m&amp#27;[31mvalidate the status code is &amp#27;[0m&amp#27;[31m&amp#27;[1m200&amp#27;[0m                                                                  &amp#27;[90m# com.amused.testSteps.testStepDef.validateTheStatusCodeIs(int)&amp#27;[0m
      &amp#27;[31mjava.lang.AssertionError: expected [200] but found [405]
	at org.testng.Assert.fail(Assert.java:110)
	at org.testng.Assert.failNotEquals(Assert.java:1577)
	at org.testng.Assert.assertEqualsImpl(Assert.java:149)
	at org.testng.Assert.assertEquals(Assert.java:131)
	at org.testng.Assert.assertEquals(Assert.java:1418)
	at org.testng.Assert.assertEquals(Assert.java:1382)
	at org.testng.Assert.assertEquals(Assert.java:1428)
	at com.amused.testSteps.testStepDef.validateTheStatusCodeIs(testStepDef.java:184)
	at âœ½.validate the status code is 200(file:///C:/Personal.work/qa-api-automation/src/test/resources/features/e2eworkflow.feature:51)
&amp#27;[0m
  &amp#27;[36mThen &amp#27;[0m&amp#27;[36mverify the Response with &amp#27;[0m&amp#27;[36m&amp#27;[1m"message"&amp#27;[0m&amp#27;[36m as &amp#27;[0m&amp#27;[36m&amp#27;[1m"Object with id = <OBJECT_ID> has been deleted."&amp#27;[0m&amp#27;[36m in Object&amp#27;[0m &amp#27;[90m# com.amused.testSteps.testStepDef.verifyTheResponseWithAsInObject(java.lang.String,java.lang.String)&amp#27;[0m
  &amp#27;[36mGiven &amp#27;[0m&amp#27;[36muser get Response for &amp#27;[0m&amp#27;[36m&amp#27;[1m"ABOVE"&amp#27;[0m&amp#27;[36m Object Id&amp#27;[0m                                                         &amp#27;[90m# com.amused.testSteps.testStepDef.userInvokeTheGET_OBJECTAPI(java.lang.String)&amp#27;[0m
  &amp#27;[36mThen &amp#27;[0m&amp#27;[36mvalidate the status code is &amp#27;[0m&amp#27;[36m&amp#27;[1m404&amp#27;[0m                                                                  &amp#27;[90m# com.amused.testSteps.testStepDef.validateTheStatusCodeIs(int)&amp#27;[0m
]]></system-out>
  </testcase>
</testsuite>